logd.py-[2017-03-06 17:01:09]-[INFO]-line:29
================更新code list data：2017-03-06================
logd.py-[2017-03-06 17:01:09]-[INFO]-line:29
开始更新。。。。。。
logd.py-[2017-03-06 17:01:34]-[INFO]-line:29
深圳已经更新
logd.py-[2017-03-06 17:01:34]-[INFO]-line:29
创业已经更新
logd.py-[2017-03-06 17:01:34]-[INFO]-line:29
上海已经更新
logd.py-[2017-03-06 17:01:37]-[INFO]-line:29
更新完成！！！！
logd.py-[2017-04-05 15:40:15]-[INFO]-line:29
================更新code list data：2017-04-05================
logd.py-[2017-04-05 15:40:15]-[INFO]-line:29
开始更新。。。。。。
logd.py-[2017-04-05 15:40:33]-[INFO]-line:29
深圳已经更新
logd.py-[2017-04-05 15:40:33]-[INFO]-line:29
创业已经更新
logd.py-[2017-04-05 15:40:33]-[INFO]-line:29
上海已经更新
logd.py-[2017-04-05 15:40:35]-[INFO]-line:29
更新完成！！！！
INFO-[05-31 15:32:26]-================更新code list data：2017-05-31================
INFO-[05-31 15:32:26]-开始更新。。。。。。
INFO-[05-31 15:32:40]-深圳已经更新
INFO-[05-31 15:32:40]-创业已经更新
INFO-[05-31 15:32:40]-上海已经更新
INFO-[05-31 15:32:40]-更新完成！！！！
