logd.py-[2017-05-19 14:04:33]-[INFO]-line:29
================股票解禁================
logd.py-[2017-05-19 14:04:33]-[INFO]-line:29
2017-05-19 14:04:33
logd.py-[2017-05-19 14:04:51]-[INFO]-line:29
================股票解禁================
logd.py-[2017-05-19 14:04:51]-[INFO]-line:29
2017-05-19 14:04:51
logd.py-[2017-05-19 14:04:51]-[INFO]-line:29
更新未来12月股票解禁数据
logd.py-[2017-05-19 14:04:51]-[INFO]-line:29
search the 2017-5 datas
logd.py-[2017-05-19 14:04:51]-[INFO]-line:29
search the 2017-6 datas
logd.py-[2017-05-19 14:04:51]-[INFO]-line:29
search the 2017-7 datas
logd.py-[2017-05-19 14:04:54]-[INFO]-line:29
search the 2017-8 datas
logd.py-[2017-05-19 14:04:55]-[INFO]-line:29
search the 2017-9 datas
logd.py-[2017-05-19 14:04:57]-[INFO]-line:29
search the 2017-10 datas
logd.py-[2017-05-19 14:04:59]-[INFO]-line:29
search the 2017-11 datas
logd.py-[2017-05-19 14:05:00]-[INFO]-line:29
search the 2017-12 datas
logd.py-[2017-05-19 14:05:03]-[INFO]-line:29
search the 2018-1 datas
logd.py-[2017-05-19 14:05:03]-[INFO]-line:29
search the 2018-2 datas
logd.py-[2017-05-19 14:05:07]-[INFO]-line:29
search the 2018-3 datas
logd.py-[2017-05-19 14:05:09]-[INFO]-line:29
search the 2018-4 datas
INFO-[05-19 14:12:37]-================股票解禁================
INFO-[05-19 14:12:37]-2017-05-19 14:12:37
INFO-[05-19 14:12:37]-更新未来12月股票解禁数据
INFO-[05-19 14:12:37]-search the 2017-5 datas
INFO-[05-19 14:12:37]-search the 2017-6 datas
INFO-[05-19 14:12:37]-search the 2017-7 datas
INFO-[05-19 14:12:40]-search the 2017-8 datas
INFO-[05-19 14:12:40]-search the 2017-9 datas
INFO-[05-19 14:12:40]-search the 2017-10 datas
INFO-[05-19 14:12:41]-search the 2017-11 datas
INFO-[05-19 14:12:41]-search the 2017-12 datas
INFO-[05-19 14:12:44]-search the 2018-1 datas
INFO-[05-19 14:12:45]-search the 2018-2 datas
INFO-[05-19 14:12:47]-search the 2018-3 datas
INFO-[05-19 14:12:48]-search the 2018-4 datas
INFO-[05-19 14:12:49]-更新未来12月股票解禁数据
INFO-[05-19 14:14:35]-========股票解禁-stock unblocked========
INFO-[05-19 14:14:35]-2017-05-19 14:14:35
INFO-[05-19 14:14:35]-更新未来12月股票解禁数据
INFO-[05-19 14:14:35]-search the 2017-5 datas
INFO-[05-19 14:14:36]-search the 2017-6 datas
INFO-[05-19 14:14:37]-search the 2017-7 datas
INFO-[05-19 14:14:39]-search the 2017-8 datas
INFO-[05-19 14:14:42]-search the 2017-9 datas
INFO-[05-19 14:14:42]-search the 2017-10 datas
INFO-[05-19 14:14:42]-search the 2017-11 datas
INFO-[05-19 14:14:43]-search the 2017-12 datas
INFO-[05-19 14:14:47]-search the 2018-1 datas
INFO-[05-19 14:14:49]-search the 2018-2 datas
INFO-[05-19 14:14:49]-search the 2018-3 datas
INFO-[05-19 14:14:51]-search the 2018-4 datas
INFO-[05-19 14:14:53]-更新未来12月股票解禁数据
WARNING-[05-19 14:18:13]-========股票解禁-stock unblocked========
INFO-[05-19 14:18:13]-2017-05-19 14:18:13
WARNING-[05-19 14:18:13]-update unblocked stock 12 months
INFO-[05-19 14:18:13]-search the 2017-5 datas
INFO-[05-19 14:18:13]-search the 2017-6 datas
INFO-[05-19 14:18:13]-search the 2017-7 datas
INFO-[05-19 14:18:14]-search the 2017-8 datas
INFO-[05-19 14:18:14]-search the 2017-9 datas
INFO-[05-19 14:18:18]-search the 2017-10 datas
INFO-[05-19 14:18:18]-search the 2017-11 datas
INFO-[05-19 14:18:18]-search the 2017-12 datas
INFO-[05-19 14:18:19]-search the 2018-1 datas
INFO-[05-19 14:18:20]-search the 2018-2 datas
INFO-[05-19 14:18:23]-search the 2018-3 datas
INFO-[05-19 14:18:24]-search the 2018-4 datas
WARNING-[05-19 14:18:41]-========股票解禁-stock unblocked========
INFO-[05-19 14:18:41]-2017-05-19 14:18:41
WARNING-[05-19 14:18:41]-update unblocked stock 12 months
INFO-[05-19 14:18:41]-search the 2017-5 datas
INFO-[05-19 14:18:42]-search the 2017-6 datas
INFO-[05-19 14:18:44]-search the 2017-7 datas
INFO-[05-19 14:18:44]-search the 2017-8 datas
INFO-[05-19 14:18:46]-search the 2017-9 datas
INFO-[05-19 14:18:46]-search the 2017-10 datas
INFO-[05-19 14:18:49]-search the 2017-11 datas
INFO-[05-19 14:18:51]-search the 2017-12 datas
INFO-[05-19 14:18:51]-search the 2018-1 datas
INFO-[05-19 14:18:55]-search the 2018-2 datas
INFO-[05-19 14:18:57]-search the 2018-3 datas
INFO-[05-19 14:18:59]-search the 2018-4 datas
INFO-[05-19 14:19:01]-downloading_completed
WARNING-[05-19 14:20:01]-========股票解禁-stock unblocked========
INFO-[05-19 14:20:01]-2017-05-19 14:20:01
WARNING-[05-19 14:20:01]-update unblocked stock 12 months
INFO-[05-19 14:20:01]-search the 2017-5 datas
INFO-[05-19 14:20:01]-search the 2017-6 datas
INFO-[05-19 14:20:01]-search the 2017-7 datas
INFO-[05-19 14:20:02]-search the 2017-8 datas
INFO-[05-19 14:20:05]-search the 2017-9 datas
INFO-[05-19 14:20:07]-search the 2017-10 datas
INFO-[05-19 14:20:09]-search the 2017-11 datas
INFO-[05-19 14:20:11]-search the 2017-12 datas
INFO-[05-19 14:20:13]-search the 2018-1 datas
INFO-[05-19 14:20:17]-search the 2018-2 datas
INFO-[05-19 14:20:20]-search the 2018-3 datas
INFO-[05-19 14:20:24]-search the 2018-4 datas
INFO-[05-19 14:20:27]-downloading_completed
WARNING-[05-19 14:42:55]-========股票解禁-stock unblocked========
WARNING-[05-19 14:43:44]-========股票解禁-stock unblocked========
INFO-[05-19 14:43:44]-2017-05-19 14:43:44
WARNING-[05-19 14:43:44]-update unblocked stock 12 months
INFO-[05-19 14:43:44]-search the 2017-5 datas
INFO-[05-19 14:43:45]-search the 2017-6 datas
INFO-[05-19 14:43:46]-search the 2017-7 datas
INFO-[05-19 14:43:47]-search the 2017-8 datas
INFO-[05-19 14:43:49]-search the 2017-9 datas
INFO-[05-19 14:43:50]-search the 2017-10 datas
INFO-[05-19 14:43:53]-search the 2017-11 datas
INFO-[05-19 14:43:53]-search the 2017-12 datas
INFO-[05-19 14:43:55]-search the 2018-1 datas
INFO-[05-19 14:43:58]-search the 2018-2 datas
INFO-[05-19 14:43:59]-search the 2018-3 datas
INFO-[05-19 14:44:00]-search the 2018-4 datas
INFO-[05-19 14:44:02]-downloading_completed
WARNING-[05-19 14:45:08]-========股票解禁-stock unblocked========
WARNING-[05-19 14:47:10]-========股票解禁-stock unblocked========
INFO-[05-19 14:47:10]-2017-05-19 14:47:10
WARNING-[05-19 14:47:10]-update unblocked stock 13 months
INFO-[05-19 14:47:10]-search the 2017-5 datas
INFO-[05-19 14:47:11]-search the 2017-6 datas
INFO-[05-19 14:47:13]-search the 2017-7 datas
INFO-[05-19 14:47:17]-search the 2017-8 datas
INFO-[05-19 14:47:19]-search the 2017-9 datas
INFO-[05-19 14:47:22]-search the 2017-10 datas
INFO-[05-19 14:47:24]-search the 2017-11 datas
INFO-[05-19 14:47:27]-search the 2017-12 datas
INFO-[05-19 14:47:30]-search the 2018-1 datas
INFO-[05-19 14:47:33]-search the 2018-2 datas
INFO-[05-19 14:47:34]-search the 2018-3 datas
INFO-[05-19 14:47:35]-search the 2018-4 datas
INFO-[05-19 14:47:38]-search the 2018-5 datas
INFO-[05-19 14:47:40]-downloading_completed
WARNING-[05-19 14:48:16]-========股票解禁-stock unblocked========
INFO-[05-19 14:48:16]-2017-05-19 14:48:16
WARNING-[05-19 14:48:16]-update unblocked stock 2 months
INFO-[05-19 14:48:16]-search the 2017-5 datas
INFO-[05-19 14:48:17]-search the 2017-6 datas
INFO-[05-19 14:48:22]-downloading_completed
WARNING-[05-19 14:49:00]-========股票解禁-stock unblocked========
INFO-[05-19 14:49:00]-2017-05-19 14:49:00
WARNING-[05-19 14:49:00]-update unblocked stock 2 months
INFO-[05-19 14:49:00]-search the 2017-5 datas
INFO-[05-19 14:49:01]-search the 2017-6 datas
INFO-[05-19 14:49:02]-downloading_completed
WARNING-[05-19 14:49:15]-========股票解禁-stock unblocked========
INFO-[05-19 14:49:15]-2017-05-19 14:49:15
WARNING-[05-19 14:49:15]-update unblocked stock 12 months
INFO-[05-19 14:49:15]-search the 2017-5 datas
INFO-[05-19 14:49:15]-search the 2017-6 datas
INFO-[05-19 14:49:18]-search the 2017-7 datas
INFO-[05-19 14:49:19]-search the 2017-8 datas
INFO-[05-19 14:49:21]-search the 2017-9 datas
INFO-[05-19 14:49:25]-search the 2017-10 datas
INFO-[05-19 14:49:27]-search the 2017-11 datas
INFO-[05-19 14:49:28]-search the 2017-12 datas
INFO-[05-19 14:49:30]-search the 2018-1 datas
INFO-[05-19 14:49:33]-search the 2018-2 datas
INFO-[05-19 14:49:36]-search the 2018-3 datas
INFO-[05-19 14:49:39]-search the 2018-4 datas
INFO-[05-19 14:49:41]-downloading_completed
