[11-09 16:57:21]-[line:364]-FuncName:<module>-(time:3256)-INFO: ===============  start  ============
[11-09 16:57:21]-[line:35]-FuncName:wrapped_function-(time:3265)-INFO: RUNNING <mywindow>
[11-09 16:57:21]-[line:46]-FuncName:wrapped_function-(time:3265)-ERROR: There was an exception in mywindow
[11-09 16:57:51]-[line:365]-FuncName:<module>-(time:3208)-INFO: ===============  start  ============
[11-09 17:02:01]-[line:365]-FuncName:<module>-(time:3370)-INFO: ===============  start  ============
[11-09 17:02:01]-[line:140]-FuncName:initUI-(time:3561)-INFO: show the UI
[11-09 17:02:08]-[line:35]-FuncName:wrapped_function-(time:10269)-INFO: RUNNING <run_drawing>
[11-09 17:02:08]-[line:46]-FuncName:wrapped_function-(time:10269)-ERROR: There was an exception in run_drawing
[11-10 09:10:37]-[line:365]-FuncName:<module>-(time:53965)-INFO: ===============  start  ============
[11-10 09:10:37]-[line:365]-FuncName:<module>-(time:53965)-INFO: ===============  start  ============
[11-10 09:10:38]-[line:35]-FuncName:wrapped_function-(time:55331)-INFO: RUNNING <_fromUtf8>
[11-10 09:10:38]-[line:35]-FuncName:wrapped_function-(time:55331)-INFO: RUNNING <_fromUtf8>
[11-10 09:10:38]-[line:35]-FuncName:wrapped_function-(time:55332)-INFO: RUNNING <create_kline_page>
[11-10 09:10:38]-[line:35]-FuncName:wrapped_function-(time:55332)-INFO: RUNNING <create_kline_page>
[11-10 09:10:38]-[line:35]-FuncName:wrapped_function-(time:55332)-INFO: RUNNING <_fromUtf8>
[11-10 09:10:38]-[line:35]-FuncName:wrapped_function-(time:55332)-INFO: RUNNING <_fromUtf8>
[11-10 09:10:38]-[line:35]-FuncName:wrapped_function-(time:55333)-INFO: RUNNING <_fromUtf8>
[11-10 09:10:38]-[line:35]-FuncName:wrapped_function-(time:55333)-INFO: RUNNING <_fromUtf8>
[11-10 09:10:38]-[line:35]-FuncName:wrapped_function-(time:55333)-INFO: RUNNING <_fromUtf8>
[11-10 09:10:38]-[line:35]-FuncName:wrapped_function-(time:55333)-INFO: RUNNING <_fromUtf8>
[11-10 09:10:39]-[line:35]-FuncName:wrapped_function-(time:55981)-INFO: RUNNING <_fromUtf8>
[11-10 09:10:39]-[line:35]-FuncName:wrapped_function-(time:55981)-INFO: RUNNING <_fromUtf8>
[11-10 09:10:39]-[line:35]-FuncName:wrapped_function-(time:55982)-INFO: RUNNING <_fromUtf8>
[11-10 09:10:39]-[line:35]-FuncName:wrapped_function-(time:55982)-INFO: RUNNING <_fromUtf8>
[11-10 09:10:39]-[line:35]-FuncName:wrapped_function-(time:56021)-INFO: RUNNING <_fromUtf8>
[11-10 09:10:39]-[line:35]-FuncName:wrapped_function-(time:56021)-INFO: RUNNING <_fromUtf8>
[11-10 09:10:39]-[line:35]-FuncName:wrapped_function-(time:56022)-INFO: RUNNING <_fromUtf8>
[11-10 09:10:39]-[line:35]-FuncName:wrapped_function-(time:56022)-INFO: RUNNING <_fromUtf8>
[11-10 09:10:39]-[line:35]-FuncName:wrapped_function-(time:56023)-INFO: RUNNING <_fromUtf8>
[11-10 09:10:39]-[line:35]-FuncName:wrapped_function-(time:56023)-INFO: RUNNING <_fromUtf8>
[11-10 09:10:39]-[line:35]-FuncName:wrapped_function-(time:56023)-INFO: RUNNING <_fromUtf8>
[11-10 09:10:39]-[line:35]-FuncName:wrapped_function-(time:56023)-INFO: RUNNING <_fromUtf8>
[11-10 09:10:39]-[line:35]-FuncName:wrapped_function-(time:56024)-INFO: RUNNING <_fromUtf8>
[11-10 09:10:39]-[line:35]-FuncName:wrapped_function-(time:56024)-INFO: RUNNING <_fromUtf8>
[11-10 09:10:39]-[line:35]-FuncName:wrapped_function-(time:56028)-INFO: RUNNING <_fromUtf8>
[11-10 09:10:39]-[line:35]-FuncName:wrapped_function-(time:56028)-INFO: RUNNING <_fromUtf8>
[11-10 09:10:39]-[line:35]-FuncName:wrapped_function-(time:56028)-INFO: RUNNING <_fromUtf8>
[11-10 09:10:39]-[line:35]-FuncName:wrapped_function-(time:56028)-INFO: RUNNING <_fromUtf8>
[11-10 09:10:39]-[line:35]-FuncName:wrapped_function-(time:56029)-INFO: RUNNING <_fromUtf8>
[11-10 09:10:39]-[line:35]-FuncName:wrapped_function-(time:56029)-INFO: RUNNING <_fromUtf8>
[11-10 09:10:39]-[line:35]-FuncName:wrapped_function-(time:56029)-INFO: RUNNING <_fromUtf8>
[11-10 09:10:39]-[line:35]-FuncName:wrapped_function-(time:56029)-INFO: RUNNING <_fromUtf8>
[11-10 09:10:39]-[line:35]-FuncName:wrapped_function-(time:56030)-INFO: RUNNING <_fromUtf8>
[11-10 09:10:39]-[line:35]-FuncName:wrapped_function-(time:56030)-INFO: RUNNING <_fromUtf8>
[11-10 09:10:39]-[line:35]-FuncName:wrapped_function-(time:56031)-INFO: RUNNING <_fromUtf8>
[11-10 09:10:39]-[line:35]-FuncName:wrapped_function-(time:56031)-INFO: RUNNING <_fromUtf8>
[11-10 09:10:39]-[line:35]-FuncName:wrapped_function-(time:56032)-INFO: RUNNING <_fromUtf8>
[11-10 09:10:39]-[line:35]-FuncName:wrapped_function-(time:56032)-INFO: RUNNING <_fromUtf8>
[11-10 09:10:39]-[line:35]-FuncName:wrapped_function-(time:56032)-INFO: RUNNING <_fromUtf8>
[11-10 09:10:39]-[line:35]-FuncName:wrapped_function-(time:56032)-INFO: RUNNING <_fromUtf8>
[11-10 09:10:39]-[line:35]-FuncName:wrapped_function-(time:56036)-INFO: RUNNING <_fromUtf8>
[11-10 09:10:39]-[line:35]-FuncName:wrapped_function-(time:56036)-INFO: RUNNING <_fromUtf8>
[11-10 09:10:39]-[line:35]-FuncName:wrapped_function-(time:56065)-INFO: RUNNING <_fromUtf8>
[11-10 09:10:39]-[line:35]-FuncName:wrapped_function-(time:56065)-INFO: RUNNING <_fromUtf8>
[11-10 09:10:39]-[line:35]-FuncName:wrapped_function-(time:56070)-INFO: RUNNING <_fromUtf8>
[11-10 09:10:39]-[line:35]-FuncName:wrapped_function-(time:56070)-INFO: RUNNING <_fromUtf8>
[11-10 09:10:44]-[line:140]-FuncName:initUI-(time:61010)-INFO: show the UI
[11-10 09:10:44]-[line:140]-FuncName:initUI-(time:61010)-INFO: show the UI
[11-10 09:12:06]-[line:35]-FuncName:wrapped_function-(time:142938)-INFO: RUNNING <run_drawing>
[11-10 09:12:06]-[line:35]-FuncName:wrapped_function-(time:142938)-INFO: RUNNING <run_drawing>
[11-10 09:12:06]-[line:46]-FuncName:wrapped_function-(time:142939)-ERROR: There was an exception in run_drawing
[11-10 09:12:06]-[line:46]-FuncName:wrapped_function-(time:142939)-ERROR: There was an exception in run_drawing
