WARNING-[05-19 15:44:15]-========股票解禁-stock unblocked========
INFO-[05-19 15:44:15]-2017-05-19 15:44:15
WARNING-[05-19 15:44:15]-update unblocked stock 12 months
INFO-[05-19 15:44:15]-search the 2017-5 datas
INFO-[05-19 15:44:15]-search the 2017-6 datas
INFO-[05-19 15:44:17]-search the 2017-7 datas
INFO-[05-19 15:44:19]-search the 2017-8 datas
INFO-[05-19 15:44:22]-search the 2017-9 datas
INFO-[05-19 15:44:25]-search the 2017-10 datas
INFO-[05-19 15:44:26]-search the 2017-11 datas
INFO-[05-19 15:44:26]-search the 2017-12 datas
INFO-[05-19 15:44:27]-search the 2018-1 datas
INFO-[05-19 15:44:29]-search the 2018-2 datas
INFO-[05-19 15:44:30]-search the 2018-3 datas
INFO-[05-19 15:44:32]-search the 2018-4 datas
INFO-[05-19 15:44:34]-downloading_completed
WARNING-[05-19 15:44:34]-saving .....
WARNING-[05-19 15:45:13]-========股票解禁-stock unblocked========
INFO-[05-19 15:45:13]-2017-05-19 15:45:13
WARNING-[05-19 15:45:13]-update unblocked stock 12 months
INFO-[05-19 15:45:13]-search the 2017-5 datas
INFO-[05-19 15:45:14]-search the 2017-6 datas
INFO-[05-19 15:45:14]-search the 2017-7 datas
INFO-[05-19 15:45:15]-search the 2017-8 datas
INFO-[05-19 15:45:17]-search the 2017-9 datas
INFO-[05-19 15:45:17]-search the 2017-10 datas
INFO-[05-19 15:45:21]-search the 2017-11 datas
INFO-[05-19 15:45:22]-search the 2017-12 datas
INFO-[05-19 15:45:24]-search the 2018-1 datas
INFO-[05-19 15:45:24]-search the 2018-2 datas
INFO-[05-19 15:45:24]-search the 2018-3 datas
INFO-[05-19 15:45:29]-search the 2018-4 datas
INFO-[05-19 15:45:29]-downloading_completed
WARNING-[05-19 15:45:29]-saving .....
WARNING-[05-19 15:45:29]-can check   ../report/unblock/2017-05-19_stock_unblocked_12month.csv
INFO-[05-19 15:48:53]-========股票解禁-stock unblocked========
INFO-[05-19 15:48:53]-2017-05-19 15:48:53
INFO-[05-19 15:48:53]-update unblocked stock 12 months
INFO-[05-19 15:49:15]-========股票解禁-stock unblocked========
INFO-[05-19 15:49:15]-2017-05-19 15:49:15
INFO-[05-19 15:49:15]-update unblocked stock 12 months
DEBUG-[05-19 15:49:15]-search the 2017-5 datas
DEBUG-[05-19 15:49:15]-search the 2017-6 datas
DEBUG-[05-19 15:49:15]-search the 2017-7 datas
DEBUG-[05-19 15:49:16]-search the 2017-8 datas
DEBUG-[05-19 15:49:17]-search the 2017-9 datas
DEBUG-[05-19 15:49:19]-search the 2017-10 datas
DEBUG-[05-19 15:49:21]-search the 2017-11 datas
DEBUG-[05-19 15:49:21]-search the 2017-12 datas
DEBUG-[05-19 15:49:24]-search the 2018-1 datas
DEBUG-[05-19 15:49:24]-search the 2018-2 datas
DEBUG-[05-19 15:49:24]-search the 2018-3 datas
DEBUG-[05-19 15:49:27]-search the 2018-4 datas
INFO-[05-19 15:49:29]-downloading_completed
INFO-[05-19 15:49:29]-saving .....
INFO-[05-19 15:49:29]-can check   ../report/unblock/2017-05-19_stock_unblocked_12month.csv
INFO-[05-19 16:00:11]-========股票解禁-stock unblocked========
INFO-[05-19 16:00:11]-2017-05-19 16:00:11
INFO-[05-19 16:00:11]-update unblocked stock 1 months
DEBUG-[05-19 16:00:11]-search the 2017-5 datas
INFO-[05-19 16:00:11]-downloading_completed
INFO-[05-19 16:07:45]-========股票解禁-stock unblocked========
INFO-[05-19 16:07:45]-2017-05-19 16:07:45
INFO-[05-19 16:07:45]-update unblocked stock 1 months
DEBUG-[05-19 16:07:45]-search the 2017-5 datas
INFO-[05-19 16:07:49]-downloading_completed
INFO-[05-19 16:07:49]- not find unblocked ,its safe.
INFO-[05-19 16:08:07]-========股票解禁-stock unblocked========
INFO-[05-19 16:08:07]-2017-05-19 16:08:07
INFO-[05-19 16:08:07]-update unblocked stock 1 months
DEBUG-[05-19 16:08:07]-search the 2017-5 datas
INFO-[05-19 16:08:07]-downloading_completed
INFO-[05-19 16:08:08]- not find unblocked ,its safe.
INFO-[05-19 16:08:33]-========股票解禁-stock unblocked========
INFO-[05-19 16:08:33]-2017-05-19 16:08:33
INFO-[05-19 16:08:33]-update unblocked stock 1 months
DEBUG-[05-19 16:08:33]-search the 2017-5 datas
INFO-[05-19 16:08:33]-downloading_completed
INFO-[05-19 16:08:33]- not find unblocked ,its safe.
INFO-[05-19 16:09:07]-========股票解禁-stock unblocked========
INFO-[05-19 16:09:07]-2017-05-19 16:09:07
INFO-[05-19 16:09:07]-update unblocked stock 1 months
DEBUG-[05-19 16:09:07]-search the 2017-5 datas
INFO-[05-19 16:09:08]-downloading_completed
INFO-[05-19 16:09:08]- not find unblocked ,its safe.
INFO-[05-19 16:09:24]-========股票解禁-stock unblocked========
INFO-[05-19 16:09:24]-2017-05-19 16:09:24
INFO-[05-19 16:09:24]-update unblocked stock 1 months
DEBUG-[05-19 16:09:24]-search the 2017-5 datas
INFO-[05-19 16:09:24]-downloading_completed
INFO-[05-19 16:09:24]- not find unblocked ,its safe.
INFO-[05-19 16:09:58]-========股票解禁-stock unblocked========
INFO-[05-19 16:09:58]-========股票解禁-stock unblocked========
INFO-[05-19 16:09:58]-2017-05-19 16:09:58
INFO-[05-19 16:09:58]-2017-05-19 16:09:58
INFO-[05-19 16:09:58]-update unblocked stock 1 months
INFO-[05-19 16:09:58]-update unblocked stock 1 months
DEBUG-[05-19 16:09:58]-search the 2017-5 datas
DEBUG-[05-19 16:09:58]-search the 2017-5 datas
INFO-[05-19 16:09:58]-downloading_completed
INFO-[05-19 16:09:58]-downloading_completed
INFO-[05-19 16:09:58]- not find unblocked ,its safe.
INFO-[05-19 16:09:58]- not find unblocked ,its safe.
INFO-[05-19 16:10:18]-========股票解禁-stock unblocked========
INFO-[05-19 16:10:18]-========股票解禁-stock unblocked========
INFO-[05-19 16:10:18]-========股票解禁-stock unblocked========
INFO-[05-19 16:10:18]-2017-05-19 16:10:18
INFO-[05-19 16:10:18]-2017-05-19 16:10:18
INFO-[05-19 16:10:18]-2017-05-19 16:10:18
INFO-[05-19 16:10:18]-update unblocked stock 1 months
INFO-[05-19 16:10:18]-update unblocked stock 1 months
INFO-[05-19 16:10:18]-update unblocked stock 1 months
DEBUG-[05-19 16:10:18]-search the 2017-5 datas
DEBUG-[05-19 16:10:18]-search the 2017-5 datas
DEBUG-[05-19 16:10:18]-search the 2017-5 datas
INFO-[05-19 16:10:18]-downloading_completed
INFO-[05-19 16:10:18]-downloading_completed
INFO-[05-19 16:10:18]-downloading_completed
INFO-[05-19 16:10:18]-find unblocked in the next year!!!
INFO-[05-19 16:10:18]-find unblocked in the next year!!!
INFO-[05-19 16:10:18]-find unblocked in the next year!!!
INFO-[05-19 16:10:56]-========股票解禁-stock unblocked========
INFO-[05-19 16:10:56]-========股票解禁-stock unblocked========
INFO-[05-19 16:10:56]-========股票解禁-stock unblocked========
INFO-[05-19 16:10:56]-========股票解禁-stock unblocked========
INFO-[05-19 16:10:56]-2017-05-19 16:10:56
INFO-[05-19 16:10:56]-2017-05-19 16:10:56
INFO-[05-19 16:10:56]-2017-05-19 16:10:56
INFO-[05-19 16:10:56]-2017-05-19 16:10:56
INFO-[05-19 16:10:56]-update unblocked stock 1 months
INFO-[05-19 16:10:56]-update unblocked stock 1 months
INFO-[05-19 16:10:56]-update unblocked stock 1 months
INFO-[05-19 16:10:56]-update unblocked stock 1 months
DEBUG-[05-19 16:10:56]-search the 2017-5 datas
DEBUG-[05-19 16:10:56]-search the 2017-5 datas
DEBUG-[05-19 16:10:56]-search the 2017-5 datas
DEBUG-[05-19 16:10:56]-search the 2017-5 datas
INFO-[05-19 16:11:00]-downloading_completed
INFO-[05-19 16:11:00]-downloading_completed
INFO-[05-19 16:11:00]-downloading_completed
INFO-[05-19 16:11:00]-downloading_completed
INFO-[05-19 16:11:00]-find unblocked in the next year!!!
INFO-[05-19 16:11:00]-find unblocked in the next year!!!
INFO-[05-19 16:11:00]-find unblocked in the next year!!!
INFO-[05-19 16:11:00]-find unblocked in the next year!!!
INFO-[05-19 16:11:54]-========股票解禁-stock unblocked========
INFO-[05-19 16:11:54]-========股票解禁-stock unblocked========
INFO-[05-19 16:11:54]-========股票解禁-stock unblocked========
INFO-[05-19 16:11:54]-========股票解禁-stock unblocked========
INFO-[05-19 16:11:54]-========股票解禁-stock unblocked========
INFO-[05-19 16:11:54]-2017-05-19 16:11:54
INFO-[05-19 16:11:54]-2017-05-19 16:11:54
INFO-[05-19 16:11:54]-2017-05-19 16:11:54
INFO-[05-19 16:11:54]-2017-05-19 16:11:54
INFO-[05-19 16:11:54]-2017-05-19 16:11:54
INFO-[05-19 16:11:54]-update unblocked stock 1 months
INFO-[05-19 16:11:54]-update unblocked stock 1 months
INFO-[05-19 16:11:54]-update unblocked stock 1 months
INFO-[05-19 16:11:54]-update unblocked stock 1 months
INFO-[05-19 16:11:54]-update unblocked stock 1 months
DEBUG-[05-19 16:11:54]-search the 2017-5 datas
DEBUG-[05-19 16:11:54]-search the 2017-5 datas
DEBUG-[05-19 16:11:54]-search the 2017-5 datas
DEBUG-[05-19 16:11:54]-search the 2017-5 datas
DEBUG-[05-19 16:11:54]-search the 2017-5 datas
INFO-[05-19 16:11:54]-downloading_completed
INFO-[05-19 16:11:54]-downloading_completed
INFO-[05-19 16:11:54]-downloading_completed
INFO-[05-19 16:11:54]-downloading_completed
INFO-[05-19 16:11:54]-downloading_completed
INFO-[05-19 16:11:54]- not find unblocked ,its safe.
INFO-[05-19 16:11:54]- not find unblocked ,its safe.
INFO-[05-19 16:11:54]- not find unblocked ,its safe.
INFO-[05-19 16:11:54]- not find unblocked ,its safe.
INFO-[05-19 16:11:54]- not find unblocked ,its safe.
INFO-[05-19 16:12:10]-========股票解禁-stock unblocked========
INFO-[05-19 16:12:10]-2017-05-19 16:12:10
INFO-[05-19 16:12:10]-update unblocked stock 1 months
DEBUG-[05-19 16:12:10]-search the 2017-5 datas
INFO-[05-19 16:12:10]-downloading_completed
INFO-[05-19 16:12:10]- not find unblocked ,its safe.
INFO-[05-19 16:12:31]-========股票解禁-stock unblocked========
INFO-[05-19 16:12:31]-========股票解禁-stock unblocked========
INFO-[05-19 16:12:31]-2017-05-19 16:12:31
INFO-[05-19 16:12:31]-2017-05-19 16:12:31
INFO-[05-19 16:12:31]-update unblocked stock 1 months
INFO-[05-19 16:12:31]-update unblocked stock 1 months
DEBUG-[05-19 16:12:31]-search the 2017-5 datas
DEBUG-[05-19 16:12:31]-search the 2017-5 datas
INFO-[05-19 16:12:32]-downloading_completed
INFO-[05-19 16:12:32]-downloading_completed
INFO-[05-19 16:12:32]-find unblocked in the next year!!!
INFO-[05-19 16:12:32]-find unblocked in the next year!!!
INFO-[05-19 16:12:45]-========股票解禁-stock unblocked========
INFO-[05-19 16:12:45]-========股票解禁-stock unblocked========
INFO-[05-19 16:12:45]-========股票解禁-stock unblocked========
INFO-[05-19 16:12:45]-2017-05-19 16:12:45
INFO-[05-19 16:12:45]-2017-05-19 16:12:45
INFO-[05-19 16:12:45]-2017-05-19 16:12:45
INFO-[05-19 16:12:46]-update unblocked stock 1 months
INFO-[05-19 16:12:46]-update unblocked stock 1 months
INFO-[05-19 16:12:46]-update unblocked stock 1 months
DEBUG-[05-19 16:12:46]-search the 2017-5 datas
DEBUG-[05-19 16:12:46]-search the 2017-5 datas
DEBUG-[05-19 16:12:46]-search the 2017-5 datas
INFO-[05-19 16:12:46]-downloading_completed
INFO-[05-19 16:12:46]-downloading_completed
INFO-[05-19 16:12:46]-downloading_completed
INFO-[05-19 16:12:46]-find unblocked in the next year!!!
INFO-[05-19 16:12:46]-find unblocked in the next year!!!
INFO-[05-19 16:12:46]-find unblocked in the next year!!!
INFO-[05-19 16:13:20]-========股票解禁-stock unblocked========
INFO-[05-19 16:13:20]-========股票解禁-stock unblocked========
INFO-[05-19 16:13:20]-========股票解禁-stock unblocked========
INFO-[05-19 16:13:20]-========股票解禁-stock unblocked========
INFO-[05-19 16:13:20]-2017-05-19 16:13:20
INFO-[05-19 16:13:20]-2017-05-19 16:13:20
INFO-[05-19 16:13:20]-2017-05-19 16:13:20
INFO-[05-19 16:13:20]-2017-05-19 16:13:20
INFO-[05-19 16:13:20]-update unblocked stock 1 months
INFO-[05-19 16:13:20]-update unblocked stock 1 months
INFO-[05-19 16:13:20]-update unblocked stock 1 months
INFO-[05-19 16:13:20]-update unblocked stock 1 months
DEBUG-[05-19 16:13:20]-search the 2017-5 datas
DEBUG-[05-19 16:13:20]-search the 2017-5 datas
DEBUG-[05-19 16:13:20]-search the 2017-5 datas
DEBUG-[05-19 16:13:20]-search the 2017-5 datas
INFO-[05-19 16:13:21]-downloading_completed
INFO-[05-19 16:13:21]-downloading_completed
INFO-[05-19 16:13:21]-downloading_completed
INFO-[05-19 16:13:21]-downloading_completed
INFO-[05-19 16:13:21]-find unblocked in the next year!!!
INFO-[05-19 16:13:21]-find unblocked in the next year!!!
INFO-[05-19 16:13:21]-find unblocked in the next year!!!
INFO-[05-19 16:13:21]-find unblocked in the next year!!!
INFO-[05-19 16:13:40]-========股票解禁-stock unblocked========
INFO-[05-19 16:13:40]-========股票解禁-stock unblocked========
INFO-[05-19 16:13:40]-========股票解禁-stock unblocked========
INFO-[05-19 16:13:40]-========股票解禁-stock unblocked========
INFO-[05-19 16:13:40]-========股票解禁-stock unblocked========
INFO-[05-19 16:13:40]-2017-05-19 16:13:40
INFO-[05-19 16:13:40]-2017-05-19 16:13:40
INFO-[05-19 16:13:40]-2017-05-19 16:13:40
INFO-[05-19 16:13:40]-2017-05-19 16:13:40
INFO-[05-19 16:13:40]-2017-05-19 16:13:40
INFO-[05-19 16:13:40]-update unblocked stock 1 months
INFO-[05-19 16:13:40]-update unblocked stock 1 months
INFO-[05-19 16:13:40]-update unblocked stock 1 months
INFO-[05-19 16:13:40]-update unblocked stock 1 months
INFO-[05-19 16:13:40]-update unblocked stock 1 months
DEBUG-[05-19 16:13:40]-search the 2017-5 datas
DEBUG-[05-19 16:13:40]-search the 2017-5 datas
DEBUG-[05-19 16:13:40]-search the 2017-5 datas
DEBUG-[05-19 16:13:40]-search the 2017-5 datas
DEBUG-[05-19 16:13:40]-search the 2017-5 datas
INFO-[05-19 16:13:41]-downloading_completed
INFO-[05-19 16:13:41]-downloading_completed
INFO-[05-19 16:13:41]-downloading_completed
INFO-[05-19 16:13:41]-downloading_completed
INFO-[05-19 16:13:41]-downloading_completed
INFO-[05-19 16:13:41]-find unblocked in the next year!!!
INFO-[05-19 16:13:41]-find unblocked in the next year!!!
INFO-[05-19 16:13:41]-find unblocked in the next year!!!
INFO-[05-19 16:13:41]-find unblocked in the next year!!!
INFO-[05-19 16:13:41]-find unblocked in the next year!!!
INFO-[05-19 16:14:15]-========股票解禁-stock unblocked========
INFO-[05-19 16:14:15]-========股票解禁-stock unblocked========
INFO-[05-19 16:14:15]-========股票解禁-stock unblocked========
INFO-[05-19 16:14:15]-========股票解禁-stock unblocked========
INFO-[05-19 16:14:15]-========股票解禁-stock unblocked========
INFO-[05-19 16:14:15]-========股票解禁-stock unblocked========
INFO-[05-19 16:14:15]-2017-05-19 16:14:15
INFO-[05-19 16:14:15]-2017-05-19 16:14:15
INFO-[05-19 16:14:15]-2017-05-19 16:14:15
INFO-[05-19 16:14:15]-2017-05-19 16:14:15
INFO-[05-19 16:14:15]-2017-05-19 16:14:15
INFO-[05-19 16:14:15]-2017-05-19 16:14:15
INFO-[05-19 16:14:15]-update unblocked stock 1 months
INFO-[05-19 16:14:15]-update unblocked stock 1 months
INFO-[05-19 16:14:15]-update unblocked stock 1 months
INFO-[05-19 16:14:15]-update unblocked stock 1 months
INFO-[05-19 16:14:15]-update unblocked stock 1 months
INFO-[05-19 16:14:15]-update unblocked stock 1 months
DEBUG-[05-19 16:14:15]-search the 2017-5 datas
DEBUG-[05-19 16:14:15]-search the 2017-5 datas
DEBUG-[05-19 16:14:15]-search the 2017-5 datas
DEBUG-[05-19 16:14:15]-search the 2017-5 datas
DEBUG-[05-19 16:14:15]-search the 2017-5 datas
DEBUG-[05-19 16:14:15]-search the 2017-5 datas
INFO-[05-19 16:14:15]-downloading_completed
INFO-[05-19 16:14:15]-downloading_completed
INFO-[05-19 16:14:15]-downloading_completed
INFO-[05-19 16:14:15]-downloading_completed
INFO-[05-19 16:14:15]-downloading_completed
INFO-[05-19 16:14:15]-downloading_completed
INFO-[05-19 16:14:15]- not find unblocked ,its safe.
INFO-[05-19 16:14:15]- not find unblocked ,its safe.
INFO-[05-19 16:14:15]- not find unblocked ,its safe.
INFO-[05-19 16:14:15]- not find unblocked ,its safe.
INFO-[05-19 16:14:15]- not find unblocked ,its safe.
INFO-[05-19 16:14:15]- not find unblocked ,its safe.
INFO-[05-19 16:14:35]-========股票解禁-stock unblocked========
INFO-[05-19 16:14:35]-2017-05-19 16:14:35
INFO-[05-19 16:14:35]-update unblocked stock 1 months
DEBUG-[05-19 16:14:35]-search the 2017-5 datas
INFO-[05-19 16:14:36]-downloading_completed
INFO-[05-19 16:14:36]- not find unblocked ,its safe.
INFO-[05-19 16:14:46]-========股票解禁-stock unblocked========
INFO-[05-19 16:14:46]-2017-05-19 16:14:46
INFO-[05-19 16:14:46]-update unblocked stock 1 months
DEBUG-[05-19 16:14:46]-search the 2017-5 datas
INFO-[05-19 16:14:46]-downloading_completed
INFO-[05-19 16:14:46]- not find unblocked ,its safe.
INFO-[05-19 16:15:17]-========股票解禁-stock unblocked========
INFO-[05-19 16:15:17]-2017-05-19 16:15:17
INFO-[05-19 16:15:17]-update unblocked stock 1 months
DEBUG-[05-19 16:15:17]-search the 2017-5 datas
INFO-[05-19 16:15:17]-downloading_completed
INFO-[05-19 16:15:17]-shanghai not find unblocked ,its safe.
INFO-[05-19 16:15:27]-========股票解禁-stock unblocked========
INFO-[05-19 16:15:27]-2017-05-19 16:15:27
INFO-[05-19 16:15:27]-update unblocked stock 1 months
DEBUG-[05-19 16:15:27]-search the 2017-5 datas
INFO-[05-19 16:15:27]-downloading_completed
INFO-[05-19 16:15:27]-find 300226 unblocked in the next year!!!
INFO-[05-19 16:18:24]-========股票解禁-stock unblocked========
INFO-[05-19 16:18:24]-2017-05-19 16:18:24
INFO-[05-19 16:18:24]-update unblocked stock 12 months
DEBUG-[05-19 16:18:24]-search the 2017-5 datas
DEBUG-[05-19 16:18:24]-search the 2017-6 datas
DEBUG-[05-19 16:18:26]-search the 2017-7 datas
DEBUG-[05-19 16:18:27]-search the 2017-8 datas
DEBUG-[05-19 16:18:29]-search the 2017-9 datas
DEBUG-[05-19 16:18:31]-search the 2017-10 datas
DEBUG-[05-19 16:18:33]-search the 2017-11 datas
DEBUG-[05-19 16:18:34]-search the 2017-12 datas
DEBUG-[05-19 16:18:37]-search the 2018-1 datas
DEBUG-[05-19 16:18:40]-search the 2018-2 datas
DEBUG-[05-19 16:18:41]-search the 2018-3 datas
DEBUG-[05-19 16:18:42]-search the 2018-4 datas
INFO-[05-19 16:18:44]-downloading_completed
INFO-[05-19 16:18:44]-find 300226 unblocked in the next 12 month!!!
INFO-[05-22 11:19:54]-================计算筹码分布模块================
INFO-[05-22 11:19:54]-601163：from 2016-05-01 to 2017-05-10 
INFO-[05-22 11:19:57]-the code 601163,has been done from 2016-05-01

INFO-[05-22 11:20:02]-================计算筹码分布模块================
INFO-[05-22 11:20:02]-601163：from 2016-05-01 to 2017-05-22 
INFO-[05-22 11:20:02]-the code 601163,has been done from 2016-05-01

INFO-[05-22 11:20:06]-the code 601163,has been done from 2016-09-12

INFO-[05-22 11:20:07]-the code 601163,has been done from 2016-09-13

INFO-[05-22 11:20:08]-the code 601163,has been done from 2016-09-14

INFO-[05-22 11:20:09]-the code 601163,has been done from 2016-09-19

INFO-[05-22 11:20:11]-the code 601163,has been done from 2016-09-20

INFO-[05-22 11:20:22]-the code 601163,has been done from 2016-09-21

INFO-[05-22 11:20:24]-the code 601163,has been done from 2016-09-22

INFO-[05-22 11:20:25]-the code 601163,has been done from 2016-09-23

INFO-[05-22 11:20:37]-the code 601163,has been done from 2016-09-26

INFO-[05-22 11:20:38]-the code 601163,has been done from 2016-09-27

INFO-[05-22 11:20:39]-the code 601163,has been done from 2016-09-28

INFO-[05-22 11:20:40]-the code 601163,has been done from 2016-09-29

INFO-[05-22 11:20:42]-the code 601163,has been done from 2016-09-30

INFO-[05-22 11:20:43]-the code 601163,has been done from 2016-10-10

INFO-[05-22 11:20:45]-the code 601163,has been done from 2016-10-11

INFO-[05-22 11:20:46]-the code 601163,has been done from 2016-10-12

INFO-[05-22 11:20:47]-the code 601163,has been done from 2016-10-13

INFO-[05-22 11:20:50]-the code 601163,has been done from 2016-10-14

INFO-[05-22 11:21:01]-the code 601163,has been done from 2016-10-17

INFO-[05-22 11:21:13]-the code 601163,has been done from 2016-10-18

INFO-[05-22 11:21:15]-the code 601163,has been done from 2016-10-19

INFO-[05-22 11:21:16]-the code 601163,has been done from 2016-10-20

INFO-[05-22 11:21:17]-the code 601163,has been done from 2016-10-21

INFO-[05-22 11:21:18]-the code 601163,has been done from 2016-10-24

INFO-[05-22 11:21:19]-the code 601163,has been done from 2016-10-25

INFO-[05-22 11:21:20]-the code 601163,has been done from 2016-10-26

INFO-[05-22 11:21:22]-the code 601163,has been done from 2016-10-27

INFO-[05-22 11:21:24]-the code 601163,has been done from 2016-10-28

INFO-[05-22 11:21:26]-the code 601163,has been done from 2016-10-31

INFO-[05-22 11:21:27]-the code 601163,has been done from 2016-11-01

INFO-[05-22 11:21:29]-the code 601163,has been done from 2016-11-02

INFO-[05-22 11:21:30]-the code 601163,has been done from 2016-11-03

INFO-[05-22 11:21:32]-the code 601163,has been done from 2016-11-04

INFO-[05-22 11:21:43]-the code 601163,has been done from 2016-11-07

INFO-[05-22 11:21:44]-the code 601163,has been done from 2016-11-08

INFO-[05-22 11:21:46]-the code 601163,has been done from 2016-11-09

INFO-[05-22 11:21:48]-the code 601163,has been done from 2016-11-10

INFO-[05-22 11:21:50]-the code 601163,has been done from 2016-11-11

INFO-[05-22 11:21:51]-the code 601163,has been done from 2016-11-14

INFO-[05-22 11:21:52]-the code 601163,has been done from 2016-11-15

INFO-[05-22 11:21:53]-the code 601163,has been done from 2016-11-16

INFO-[05-22 11:21:55]-the code 601163,has been done from 2016-11-17

INFO-[05-22 11:21:56]-the code 601163,has been done from 2016-11-18

INFO-[05-22 11:21:58]-the code 601163,has been done from 2016-11-21

INFO-[05-22 11:21:59]-the code 601163,has been done from 2016-11-22

INFO-[05-22 11:22:00]-the code 601163,has been done from 2016-11-23

INFO-[05-22 11:22:01]-the code 601163,has been done from 2016-11-24

INFO-[05-22 11:22:12]-the code 601163,has been done from 2016-11-25

WARNING-[05-22 11:22:12]-
计算换手率数据下载错误：2016-11-25自动计算计算
ERROR-[05-22 11:22:12]-
数据有问题中断本次：2016-11-25没有计算成功
INFO-[05-22 11:22:12]-the code 601163,has been done from 2016-11-28

INFO-[05-22 11:22:14]-the code 601163,has been done from 2016-11-29

INFO-[05-22 11:22:15]-the code 601163,has been done from 2016-11-30

INFO-[05-22 11:22:27]-the code 601163,has been done from 2016-12-01

INFO-[05-22 11:22:28]-the code 601163,has been done from 2016-12-02

INFO-[05-22 11:22:29]-the code 601163,has been done from 2016-12-05

INFO-[05-22 11:22:31]-the code 601163,has been done from 2016-12-06

INFO-[05-22 11:22:35]-the code 601163,has been done from 2016-12-07

INFO-[05-22 11:22:37]-the code 601163,has been done from 2016-12-08

INFO-[05-22 11:22:39]-the code 601163,has been done from 2016-12-09

INFO-[05-22 11:23:00]-the code 601163,has been done from 2016-12-12

INFO-[05-22 11:23:01]-the code 601163,has been done from 2016-12-13

INFO-[05-22 11:23:02]-the code 601163,has been done from 2016-12-14

INFO-[05-22 11:23:14]-the code 601163,has been done from 2016-12-15

INFO-[05-22 11:23:15]-the code 601163,has been done from 2016-12-16

INFO-[05-22 11:23:17]-the code 601163,has been done from 2016-12-19

INFO-[05-22 11:23:18]-the code 601163,has been done from 2016-12-20

INFO-[05-22 11:23:19]-the code 601163,has been done from 2016-12-21

INFO-[05-22 11:23:21]-the code 601163,has been done from 2016-12-22

INFO-[05-22 11:23:24]-the code 601163,has been done from 2016-12-23

INFO-[05-22 11:23:26]-the code 601163,has been done from 2016-12-26

INFO-[05-22 11:23:28]-the code 601163,has been done from 2016-12-27

INFO-[05-22 11:23:29]-the code 601163,has been done from 2016-12-28

INFO-[05-22 11:23:30]-the code 601163,has been done from 2016-12-29

INFO-[05-22 11:23:31]-the code 601163,has been done from 2016-12-30

INFO-[05-22 11:23:34]-the code 601163,has been done from 2017-01-03

INFO-[05-22 11:23:35]-the code 601163,has been done from 2017-01-04

INFO-[05-22 11:23:37]-the code 601163,has been done from 2017-01-05

INFO-[05-22 11:23:39]-the code 601163,has been done from 2017-01-06

INFO-[05-22 11:23:40]-the code 601163,has been done from 2017-01-09

INFO-[05-22 11:23:41]-the code 601163,has been done from 2017-01-10

INFO-[05-22 11:23:42]-the code 601163,has been done from 2017-01-11

INFO-[05-22 11:23:44]-the code 601163,has been done from 2017-01-12

INFO-[05-22 11:23:45]-the code 601163,has been done from 2017-01-13

INFO-[05-22 11:23:47]-the code 601163,has been done from 2017-01-16

INFO-[05-22 11:23:48]-the code 601163,has been done from 2017-01-17

INFO-[05-22 11:23:49]-the code 601163,has been done from 2017-01-18

INFO-[05-22 11:23:50]-the code 601163,has been done from 2017-01-19

INFO-[05-22 11:23:51]-the code 601163,has been done from 2017-01-20

INFO-[05-22 11:23:53]-the code 601163,has been done from 2017-01-23

INFO-[05-22 11:23:54]-the code 601163,has been done from 2017-01-24

INFO-[05-22 11:23:55]-the code 601163,has been done from 2017-01-25

INFO-[05-22 11:23:55]-the code 601163,has been done from 2017-01-26

INFO-[05-22 11:23:56]-the code 601163,has been done from 2017-02-03

INFO-[05-22 11:23:57]-the code 601163,has been done from 2017-02-06

INFO-[05-22 11:24:10]-the code 601163,has been done from 2017-02-07

INFO-[05-22 11:24:12]-the code 601163,has been done from 2017-02-08

INFO-[05-22 11:24:13]-the code 601163,has been done from 2017-02-09

INFO-[05-22 11:24:14]-the code 601163,has been done from 2017-02-10

INFO-[05-22 11:24:16]-the code 601163,has been done from 2017-02-13

INFO-[05-22 11:24:17]-the code 601163,has been done from 2017-02-14

INFO-[05-22 11:24:18]-the code 601163,has been done from 2017-02-15

INFO-[05-22 11:24:20]-the code 601163,has been done from 2017-02-16

INFO-[05-22 11:24:21]-the code 601163,has been done from 2017-02-17

INFO-[05-22 11:24:22]-the code 601163,has been done from 2017-02-20

INFO-[05-22 11:24:23]-the code 601163,has been done from 2017-02-21

INFO-[05-22 11:24:25]-the code 601163,has been done from 2017-02-22

INFO-[05-22 11:24:27]-the code 601163,has been done from 2017-02-23

INFO-[05-22 11:24:28]-the code 601163,has been done from 2017-02-24

INFO-[05-22 11:24:30]-the code 601163,has been done from 2017-02-27

INFO-[05-22 11:24:41]-the code 601163,has been done from 2017-02-28

INFO-[05-22 11:24:42]-the code 601163,has been done from 2017-03-01

INFO-[05-22 11:24:43]-the code 601163,has been done from 2017-03-02

INFO-[05-22 11:24:45]-the code 601163,has been done from 2017-03-03

INFO-[05-22 11:24:46]-the code 601163,has been done from 2017-03-06

INFO-[05-22 11:24:48]-the code 601163,has been done from 2017-03-07

INFO-[05-22 11:24:49]-the code 601163,has been done from 2017-03-08

INFO-[05-22 11:24:50]-the code 601163,has been done from 2017-03-09

INFO-[05-22 11:24:51]-the code 601163,has been done from 2017-03-10

INFO-[05-22 11:24:52]-the code 601163,has been done from 2017-03-13

INFO-[05-22 11:24:56]-the code 601163,has been done from 2017-03-14

INFO-[05-22 11:24:57]-the code 601163,has been done from 2017-03-15

INFO-[05-22 11:25:09]-the code 601163,has been done from 2017-03-16

INFO-[05-22 11:25:10]-the code 601163,has been done from 2017-03-17

INFO-[05-22 11:25:11]-the code 601163,has been done from 2017-03-20

INFO-[05-22 11:25:12]-the code 601163,has been done from 2017-03-21

INFO-[05-22 11:25:13]-the code 601163,has been done from 2017-03-22

INFO-[05-22 11:25:15]-the code 601163,has been done from 2017-03-23

INFO-[05-22 11:25:16]-the code 601163,has been done from 2017-03-24

INFO-[05-22 11:25:17]-the code 601163,has been done from 2017-03-27

INFO-[05-22 11:25:18]-the code 601163,has been done from 2017-03-28

INFO-[05-22 11:25:30]-the code 601163,has been done from 2017-03-29

INFO-[05-22 11:25:31]-the code 601163,has been done from 2017-03-30

INFO-[05-22 11:25:32]-the code 601163,has been done from 2017-03-31

INFO-[05-22 11:25:35]-the code 601163,has been done from 2017-04-05

INFO-[05-22 11:25:36]-the code 601163,has been done from 2017-04-06

INFO-[05-22 11:25:37]-the code 601163,has been done from 2017-04-07

INFO-[05-22 11:25:39]-the code 601163,has been done from 2017-04-10

INFO-[05-22 11:25:40]-the code 601163,has been done from 2017-04-11

INFO-[05-22 11:25:51]-the code 601163,has been done from 2017-04-12

INFO-[05-22 11:25:52]-the code 601163,has been done from 2017-04-13

INFO-[05-22 11:25:54]-the code 601163,has been done from 2017-04-14

INFO-[05-22 11:25:55]-the code 601163,has been done from 2017-04-17

INFO-[05-22 11:26:05]-the code 601163,has been done from 2017-04-18

INFO-[05-22 11:26:06]-the code 601163,has been done from 2017-04-19

INFO-[05-22 11:26:07]-the code 601163,has been done from 2017-04-20

INFO-[05-22 11:26:08]-the code 601163,has been done from 2017-04-21

INFO-[05-22 11:26:09]-the code 601163,has been done from 2017-04-24

INFO-[05-22 11:26:10]-the code 601163,has been done from 2017-04-25

INFO-[05-22 11:26:11]-the code 601163,has been done from 2017-04-26

INFO-[05-22 11:26:13]-the code 601163,has been done from 2017-04-27

INFO-[05-22 11:26:14]-the code 601163,has been done from 2017-04-28

INFO-[05-22 11:26:15]-the code 601163,has been done from 2017-05-02

INFO-[05-22 11:26:16]-the code 601163,has been done from 2017-05-03

INFO-[05-22 11:26:27]-the code 601163,has been done from 2017-05-04

INFO-[05-22 11:26:29]-the code 601163,has been done from 2017-05-05

INFO-[05-22 11:26:29]-the code 601163,has been done from 2017-05-08

INFO-[05-22 11:26:30]-the code 601163,has been done from 2017-05-09

INFO-[05-22 11:26:31]-the code 601163,has been done from 2017-05-10

INFO-[05-22 11:26:34]-the code 601163,has been done from 2017-05-11

INFO-[05-22 11:26:36]-the code 601163,has been done from 2017-05-12

INFO-[05-22 11:26:37]-the code 601163,has been done from 2017-05-15

INFO-[05-22 11:26:49]-the code 601163,has been done from 2017-05-16

INFO-[05-22 11:26:50]-the code 601163,has been done from 2017-05-17

INFO-[05-22 11:26:51]-the code 601163,has been done from 2017-05-18

INFO-[05-22 11:26:52]-the code 601163,has been done from 2017-05-19

INFO-[05-22 13:06:23]-================计算筹码分布模块================
INFO-[05-22 13:06:23]-600871：from 2016-05-01 to 2017-05-18 
INFO-[05-22 13:06:24]-the code 600871,has been done from 2016-05-01

INFO-[05-22 13:06:36]-the code 600871,has been done from 2016-05-04

INFO-[05-22 13:06:36]-the code 600871,has been done from 2016-05-05

INFO-[05-22 13:06:37]-the code 600871,has been done from 2016-05-06

INFO-[05-22 13:06:38]-the code 600871,has been done from 2016-05-09

INFO-[05-22 13:06:39]-the code 600871,has been done from 2016-05-10

INFO-[05-22 13:06:40]-the code 600871,has been done from 2016-05-11

INFO-[05-22 13:06:43]-the code 600871,has been done from 2016-05-12

INFO-[05-22 13:06:44]-the code 600871,has been done from 2016-05-13

INFO-[05-22 13:06:45]-the code 600871,has been done from 2016-05-16

INFO-[05-22 13:06:45]-the code 600871,has been done from 2016-05-17

INFO-[05-22 13:06:46]-the code 600871,has been done from 2016-05-18

INFO-[05-22 13:06:47]-the code 600871,has been done from 2016-05-19

INFO-[05-22 13:06:48]-the code 600871,has been done from 2016-05-20

INFO-[05-22 13:06:59]-the code 600871,has been done from 2016-05-23

INFO-[05-22 13:07:00]-the code 600871,has been done from 2016-05-24

INFO-[05-22 13:07:01]-the code 600871,has been done from 2016-05-25

INFO-[05-22 13:07:05]-the code 600871,has been done from 2016-05-26

INFO-[05-22 13:07:06]-the code 600871,has been done from 2016-05-27

INFO-[05-22 13:07:06]-the code 600871,has been done from 2016-05-30

INFO-[05-22 13:07:08]-the code 600871,has been done from 2016-05-31

INFO-[05-22 13:07:09]-the code 600871,has been done from 2016-06-01

INFO-[05-22 13:07:10]-the code 600871,has been done from 2016-06-02

INFO-[05-22 13:07:11]-the code 600871,has been done from 2016-06-03

INFO-[05-22 13:07:12]-the code 600871,has been done from 2016-06-06

INFO-[05-22 13:07:12]-the code 600871,has been done from 2016-06-07

INFO-[05-22 13:07:14]-the code 600871,has been done from 2016-06-08

INFO-[05-22 13:07:14]-the code 600871,has been done from 2016-06-13

INFO-[05-22 13:07:15]-the code 600871,has been done from 2016-06-14

INFO-[05-22 13:07:16]-the code 600871,has been done from 2016-06-15

INFO-[05-22 13:07:16]-the code 600871,has been done from 2016-06-16

INFO-[05-22 13:07:17]-the code 600871,has been done from 2016-06-17

INFO-[05-22 13:07:18]-the code 600871,has been done from 2016-06-20

INFO-[05-22 13:07:18]-the code 600871,has been done from 2016-06-21

INFO-[05-22 13:07:19]-the code 600871,has been done from 2016-06-22

INFO-[05-22 13:07:20]-the code 600871,has been done from 2016-06-23

INFO-[05-22 13:07:21]-the code 600871,has been done from 2016-06-24

INFO-[05-22 13:07:22]-the code 600871,has been done from 2016-06-27

INFO-[05-22 13:07:25]-the code 600871,has been done from 2016-06-28

INFO-[05-22 13:07:27]-the code 600871,has been done from 2016-06-29

INFO-[05-22 13:07:27]-the code 600871,has been done from 2016-06-30

INFO-[05-22 13:07:28]-the code 600871,has been done from 2016-07-01

INFO-[05-22 13:07:29]-the code 600871,has been done from 2016-07-04

INFO-[05-22 13:07:30]-the code 600871,has been done from 2016-07-05

INFO-[05-22 13:07:31]-the code 600871,has been done from 2016-07-06

INFO-[05-22 13:07:32]-the code 600871,has been done from 2016-07-07

INFO-[05-22 13:07:33]-the code 600871,has been done from 2016-07-08

INFO-[05-22 13:07:34]-the code 600871,has been done from 2016-07-11

INFO-[05-22 13:07:35]-the code 600871,has been done from 2016-07-12

INFO-[05-22 13:07:36]-the code 600871,has been done from 2016-07-13

INFO-[05-22 13:07:40]-the code 600871,has been done from 2016-07-14

INFO-[05-22 13:07:41]-the code 600871,has been done from 2016-07-15

INFO-[05-22 13:07:42]-the code 600871,has been done from 2016-07-18

INFO-[05-22 13:07:42]-the code 600871,has been done from 2016-07-19

INFO-[05-22 13:07:44]-the code 600871,has been done from 2016-07-20

INFO-[05-22 13:07:45]-the code 600871,has been done from 2016-07-21

INFO-[05-22 13:07:46]-the code 600871,has been done from 2016-07-22

INFO-[05-22 13:07:46]-the code 600871,has been done from 2016-07-25

INFO-[05-22 13:07:47]-the code 600871,has been done from 2016-07-26

INFO-[05-22 13:07:59]-the code 600871,has been done from 2016-07-27

INFO-[05-22 13:08:00]-the code 600871,has been done from 2016-07-28

INFO-[05-22 13:08:01]-the code 600871,has been done from 2016-07-29

INFO-[05-22 13:08:03]-the code 600871,has been done from 2016-08-01

INFO-[05-22 13:08:03]-the code 600871,has been done from 2016-08-02

INFO-[05-22 13:08:06]-the code 600871,has been done from 2016-08-03

INFO-[05-22 13:08:07]-the code 600871,has been done from 2016-08-04

INFO-[05-22 13:08:17]-the code 600871,has been done from 2016-08-05

INFO-[05-22 13:08:18]-the code 600871,has been done from 2016-08-08

INFO-[05-22 13:08:19]-the code 600871,has been done from 2016-08-09

INFO-[05-22 13:08:20]-the code 600871,has been done from 2016-08-10

INFO-[05-22 13:08:21]-the code 600871,has been done from 2016-08-11

INFO-[05-22 13:08:22]-the code 600871,has been done from 2016-08-12

INFO-[05-22 13:08:22]-the code 600871,has been done from 2016-08-15

INFO-[05-22 13:08:24]-the code 600871,has been done from 2016-08-16

INFO-[05-22 13:08:26]-the code 600871,has been done from 2016-08-17

INFO-[05-22 13:08:26]-the code 600871,has been done from 2016-08-18

INFO-[05-22 13:08:27]-the code 600871,has been done from 2016-08-19

INFO-[05-22 13:08:28]-the code 600871,has been done from 2016-08-22

INFO-[05-22 13:08:29]-the code 600871,has been done from 2016-08-23

INFO-[05-22 13:08:30]-the code 600871,has been done from 2016-08-24

INFO-[05-22 13:08:31]-the code 600871,has been done from 2016-08-25

INFO-[05-22 13:08:32]-the code 600871,has been done from 2016-08-26

INFO-[05-22 13:08:32]-the code 600871,has been done from 2016-08-29

INFO-[05-22 13:08:33]-the code 600871,has been done from 2016-08-30

INFO-[05-22 13:08:33]-the code 600871,has been done from 2016-08-31

INFO-[05-22 13:08:34]-the code 600871,has been done from 2016-09-01

INFO-[05-22 13:08:35]-the code 600871,has been done from 2016-09-02

INFO-[05-22 13:08:35]-the code 600871,has been done from 2016-09-05

INFO-[05-22 13:08:36]-the code 600871,has been done from 2016-09-06

INFO-[05-22 13:08:37]-the code 600871,has been done from 2016-09-07

INFO-[05-22 13:08:37]-the code 600871,has been done from 2016-09-08

INFO-[05-22 13:08:38]-the code 600871,has been done from 2016-09-09

INFO-[05-22 13:08:39]-the code 600871,has been done from 2016-09-12

INFO-[05-22 13:08:40]-the code 600871,has been done from 2016-09-13

INFO-[05-22 13:08:40]-the code 600871,has been done from 2016-09-14

INFO-[05-22 13:08:51]-the code 600871,has been done from 2016-09-19

INFO-[05-22 13:08:52]-the code 600871,has been done from 2016-09-20

INFO-[05-22 13:08:52]-the code 600871,has been done from 2016-09-21

INFO-[05-22 13:08:53]-the code 600871,has been done from 2016-09-22

INFO-[05-22 13:09:04]-the code 600871,has been done from 2016-09-23

INFO-[05-22 13:09:04]-the code 600871,has been done from 2016-09-26

INFO-[05-22 13:09:05]-the code 600871,has been done from 2016-09-27

INFO-[05-22 13:09:06]-the code 600871,has been done from 2016-09-28

INFO-[05-22 13:09:06]-the code 600871,has been done from 2016-09-29

INFO-[05-22 13:09:07]-the code 600871,has been done from 2016-09-30

INFO-[05-22 13:09:07]-the code 600871,has been done from 2016-10-10

INFO-[05-22 13:09:08]-the code 600871,has been done from 2016-10-11

INFO-[05-22 13:09:10]-the code 600871,has been done from 2016-10-12

INFO-[05-22 13:09:11]-the code 600871,has been done from 2016-10-13

INFO-[05-22 13:09:11]-the code 600871,has been done from 2016-10-14

INFO-[05-22 13:09:12]-the code 600871,has been done from 2016-10-17

INFO-[05-22 13:09:13]-the code 600871,has been done from 2016-10-18

INFO-[05-22 13:09:13]-the code 600871,has been done from 2016-10-19

INFO-[05-22 13:09:14]-the code 600871,has been done from 2016-10-20

INFO-[05-22 13:09:15]-the code 600871,has been done from 2016-10-21

INFO-[05-22 13:09:15]-the code 600871,has been done from 2016-10-24

INFO-[05-22 13:09:16]-the code 600871,has been done from 2016-10-25

INFO-[05-22 13:09:16]-the code 600871,has been done from 2016-10-26

INFO-[05-22 13:09:17]-the code 600871,has been done from 2016-10-27

INFO-[05-22 13:09:18]-the code 600871,has been done from 2016-10-28

INFO-[05-22 13:09:18]-the code 600871,has been done from 2016-10-31

INFO-[05-22 13:09:19]-the code 600871,has been done from 2016-11-01

INFO-[05-22 13:09:20]-the code 600871,has been done from 2016-11-02

INFO-[05-22 13:09:21]-the code 600871,has been done from 2016-11-03

INFO-[05-22 13:09:22]-the code 600871,has been done from 2016-11-04

INFO-[05-22 13:09:22]-the code 600871,has been done from 2016-11-07

INFO-[05-22 13:09:24]-the code 600871,has been done from 2016-11-08

INFO-[05-22 13:09:25]-the code 600871,has been done from 2016-11-09

INFO-[05-22 13:09:26]-the code 600871,has been done from 2016-11-10

INFO-[05-22 13:09:27]-the code 600871,has been done from 2016-11-11

INFO-[05-22 13:09:28]-the code 600871,has been done from 2016-11-14

INFO-[05-22 13:09:29]-the code 600871,has been done from 2016-11-15

INFO-[05-22 13:09:29]-the code 600871,has been done from 2016-11-16

INFO-[05-22 13:09:30]-the code 600871,has been done from 2016-11-17

INFO-[05-22 13:09:31]-the code 600871,has been done from 2016-11-18

INFO-[05-22 13:09:32]-the code 600871,has been done from 2016-11-21

INFO-[05-22 13:09:33]-the code 600871,has been done from 2016-11-22

INFO-[05-22 13:09:34]-the code 600871,has been done from 2016-11-23

INFO-[05-22 13:09:35]-the code 600871,has been done from 2016-11-24

INFO-[05-22 13:09:35]-the code 600871,has been done from 2016-11-25

WARNING-[05-22 13:09:35]-
计算换手率数据下载错误：2016-11-25自动计算计算
ERROR-[05-22 13:09:35]-
数据有问题中断本次：2016-11-25没有计算成功
INFO-[05-22 13:09:36]-the code 600871,has been done from 2016-11-28

INFO-[05-22 13:09:36]-the code 600871,has been done from 2016-11-29

INFO-[05-22 13:09:37]-the code 600871,has been done from 2016-11-30

INFO-[05-22 13:09:38]-the code 600871,has been done from 2016-12-01

INFO-[05-22 13:09:39]-the code 600871,has been done from 2016-12-02

INFO-[05-22 13:09:40]-the code 600871,has been done from 2016-12-05

INFO-[05-22 13:09:41]-the code 600871,has been done from 2016-12-06

INFO-[05-22 13:09:42]-the code 600871,has been done from 2016-12-07

INFO-[05-22 13:09:42]-the code 600871,has been done from 2016-12-08

INFO-[05-22 13:09:43]-the code 600871,has been done from 2016-12-09

ERROR-[05-22 13:10:13]-
数据：2016-12-12没有计算成功
INFO-[05-22 13:10:14]-the code 600871,has been done from 2016-12-13

INFO-[05-22 13:10:15]-the code 600871,has been done from 2016-12-14

INFO-[05-22 13:10:15]-the code 600871,has been done from 2016-12-15

INFO-[05-22 13:10:16]-the code 600871,has been done from 2016-12-16

INFO-[05-22 13:10:17]-the code 600871,has been done from 2016-12-19

INFO-[05-22 13:10:18]-the code 600871,has been done from 2016-12-20

INFO-[05-22 13:10:19]-the code 600871,has been done from 2016-12-21

INFO-[05-22 13:10:24]-the code 600871,has been done from 2016-12-22

INFO-[05-22 13:10:26]-the code 600871,has been done from 2016-12-23

INFO-[05-22 13:10:27]-the code 600871,has been done from 2016-12-26

INFO-[05-22 13:10:28]-the code 600871,has been done from 2016-12-27

INFO-[05-22 13:10:29]-the code 600871,has been done from 2016-12-28

INFO-[05-22 13:10:30]-the code 600871,has been done from 2016-12-29

INFO-[05-22 13:10:31]-the code 600871,has been done from 2016-12-30

INFO-[05-22 13:10:42]-the code 600871,has been done from 2017-01-03

INFO-[05-22 13:10:43]-the code 600871,has been done from 2017-01-04

INFO-[05-22 13:10:44]-the code 600871,has been done from 2017-01-05

INFO-[05-22 13:10:45]-the code 600871,has been done from 2017-01-06

INFO-[05-22 13:10:48]-the code 600871,has been done from 2017-01-09

INFO-[05-22 13:10:49]-the code 600871,has been done from 2017-01-10

INFO-[05-22 13:10:51]-the code 600871,has been done from 2017-01-11

INFO-[05-22 13:10:52]-the code 600871,has been done from 2017-01-12

INFO-[05-22 13:10:52]-the code 600871,has been done from 2017-01-13

INFO-[05-22 13:10:53]-the code 600871,has been done from 2017-01-16

INFO-[05-22 13:10:54]-the code 600871,has been done from 2017-01-17

INFO-[05-22 13:10:55]-the code 600871,has been done from 2017-01-18

INFO-[05-22 13:10:56]-the code 600871,has been done from 2017-01-19

INFO-[05-22 13:10:56]-the code 600871,has been done from 2017-01-20

INFO-[05-22 13:10:57]-the code 600871,has been done from 2017-01-23

INFO-[05-22 13:10:58]-the code 600871,has been done from 2017-01-24

INFO-[05-22 13:10:58]-the code 600871,has been done from 2017-01-25

INFO-[05-22 13:10:59]-the code 600871,has been done from 2017-01-26

INFO-[05-22 13:11:00]-the code 600871,has been done from 2017-02-03

INFO-[05-22 13:11:01]-the code 600871,has been done from 2017-02-06

INFO-[05-22 13:11:21]-the code 600871,has been done from 2017-02-07

INFO-[05-22 13:11:22]-the code 600871,has been done from 2017-02-08

INFO-[05-22 13:11:23]-the code 600871,has been done from 2017-02-09

INFO-[05-22 13:11:24]-the code 600871,has been done from 2017-02-10

INFO-[05-22 13:11:25]-the code 600871,has been done from 2017-02-13

INFO-[05-22 13:11:26]-the code 600871,has been done from 2017-02-14

INFO-[05-22 13:11:27]-the code 600871,has been done from 2017-02-15

INFO-[05-22 13:11:37]-the code 600871,has been done from 2017-02-16

INFO-[05-22 13:11:38]-the code 600871,has been done from 2017-02-17

INFO-[05-22 13:11:40]-the code 600871,has been done from 2017-02-20

INFO-[05-22 13:11:41]-the code 600871,has been done from 2017-02-21

INFO-[05-22 13:11:42]-the code 600871,has been done from 2017-02-22

INFO-[05-22 13:11:42]-the code 600871,has been done from 2017-02-23

INFO-[05-22 13:11:53]-the code 600871,has been done from 2017-02-24

INFO-[05-22 13:11:54]-the code 600871,has been done from 2017-02-27

INFO-[05-22 13:11:54]-the code 600871,has been done from 2017-02-28

INFO-[05-22 13:11:56]-the code 600871,has been done from 2017-03-01

INFO-[05-22 13:11:57]-the code 600871,has been done from 2017-03-02

INFO-[05-22 13:11:57]-the code 600871,has been done from 2017-03-03

INFO-[05-22 13:12:09]-the code 600871,has been done from 2017-03-06

INFO-[05-22 13:12:10]-the code 600871,has been done from 2017-03-07

INFO-[05-22 13:12:10]-the code 600871,has been done from 2017-03-08

INFO-[05-22 13:12:11]-the code 600871,has been done from 2017-03-09

INFO-[05-22 13:12:12]-the code 600871,has been done from 2017-03-10

INFO-[05-22 13:12:23]-the code 600871,has been done from 2017-03-13

INFO-[05-22 13:12:24]-the code 600871,has been done from 2017-03-14

INFO-[05-22 13:12:24]-the code 600871,has been done from 2017-03-15

INFO-[05-22 13:12:25]-the code 600871,has been done from 2017-03-16

INFO-[05-22 13:12:25]-the code 600871,has been done from 2017-03-17

INFO-[05-22 13:12:26]-the code 600871,has been done from 2017-03-20

INFO-[05-22 13:12:27]-the code 600871,has been done from 2017-03-21

INFO-[05-22 13:12:29]-the code 600871,has been done from 2017-03-22

INFO-[05-22 13:12:30]-the code 600871,has been done from 2017-03-23

INFO-[05-22 13:12:30]-the code 600871,has been done from 2017-03-24

INFO-[05-22 13:12:31]-the code 600871,has been done from 2017-03-27

INFO-[05-22 13:12:32]-the code 600871,has been done from 2017-03-28

INFO-[05-22 13:12:32]-the code 600871,has been done from 2017-03-29

INFO-[05-22 13:12:33]-the code 600871,has been done from 2017-03-30

INFO-[05-22 13:12:34]-the code 600871,has been done from 2017-03-31

INFO-[05-22 13:12:39]-the code 600871,has been done from 2017-04-05

INFO-[05-22 13:12:51]-the code 600871,has been done from 2017-04-06

INFO-[05-22 13:12:52]-the code 600871,has been done from 2017-04-07

INFO-[05-22 13:12:53]-the code 600871,has been done from 2017-04-10

INFO-[05-22 13:12:54]-the code 600871,has been done from 2017-04-11

INFO-[05-22 13:12:54]-the code 600871,has been done from 2017-04-12

INFO-[05-22 13:12:57]-the code 600871,has been done from 2017-04-13

INFO-[05-22 13:12:58]-the code 600871,has been done from 2017-04-14

INFO-[05-22 13:12:58]-the code 600871,has been done from 2017-04-17

INFO-[05-22 13:13:21]-the code 600871,has been done from 2017-04-18

INFO-[05-22 13:13:22]-the code 600871,has been done from 2017-04-19

INFO-[05-22 13:13:26]-the code 600871,has been done from 2017-04-20

INFO-[05-22 13:13:28]-the code 600871,has been done from 2017-04-21

INFO-[05-22 13:13:29]-the code 600871,has been done from 2017-04-24

INFO-[05-22 13:13:30]-the code 600871,has been done from 2017-04-25

INFO-[05-22 13:13:41]-the code 600871,has been done from 2017-04-26

INFO-[05-22 13:13:44]-the code 600871,has been done from 2017-04-27

INFO-[05-22 13:13:46]-the code 600871,has been done from 2017-04-28

INFO-[05-22 13:13:48]-the code 600871,has been done from 2017-05-02

INFO-[05-22 13:13:51]-the code 600871,has been done from 2017-05-03

INFO-[05-22 13:13:56]-the code 600871,has been done from 2017-05-04

INFO-[05-22 13:13:57]-the code 600871,has been done from 2017-05-05

INFO-[05-22 13:13:59]-the code 600871,has been done from 2017-05-08

INFO-[05-22 13:14:00]-the code 600871,has been done from 2017-05-09

INFO-[05-22 13:14:01]-the code 600871,has been done from 2017-05-10

INFO-[05-22 13:14:01]-the code 600871,has been done from 2017-05-11

INFO-[05-22 13:14:02]-the code 600871,has been done from 2017-05-12

INFO-[05-22 13:14:03]-the code 600871,has been done from 2017-05-15

INFO-[05-22 13:14:04]-the code 600871,has been done from 2017-05-16

INFO-[05-22 13:14:05]-the code 600871,has been done from 2017-05-17

INFO-[05-22 13:14:06]-the code 600871,has been done from 2017-05-18

INFO-[05-22 13:17:28]-================计算筹码分布模块================
INFO-[05-22 13:17:28]-600871：from 2016-05-01 to 2017-05-18 
INFO-[05-22 13:17:29]-the code 600871,has been done from 2016-05-01

INFO-[05-22 13:17:32]-the code 600871,has been done from 2016-05-04

INFO-[05-22 13:18:42]-================计算筹码分布模块================
INFO-[05-22 13:18:42]-600871：from 2016-05-01 to 2017-05-18 
INFO-[05-22 13:18:43]-the code 600871,has been done from 2016-05-01

INFO-[05-22 13:18:45]-the code 600871,has been done from 2016-05-04

INFO-[05-22 13:18:47]-the code 600871,has been done from 2016-05-05

INFO-[05-22 13:18:47]-the code 600871,has been done from 2016-05-06

INFO-[05-22 13:18:48]-the code 600871,has been done from 2016-05-09

INFO-[05-22 13:19:09]-the code 600871,has been done from 2016-05-10

INFO-[05-22 13:19:30]-the code 600871,has been done from 2016-05-11

INFO-[05-22 13:19:31]-the code 600871,has been done from 2016-05-12

INFO-[05-22 13:19:32]-the code 600871,has been done from 2016-05-13

INFO-[05-22 13:19:33]-the code 600871,has been done from 2016-05-16

INFO-[05-22 13:19:33]-the code 600871,has been done from 2016-05-17

INFO-[05-22 13:19:35]-the code 600871,has been done from 2016-05-18

INFO-[05-22 13:19:36]-the code 600871,has been done from 2016-05-19

INFO-[05-22 13:19:36]-the code 600871,has been done from 2016-05-20

INFO-[05-22 13:19:37]-the code 600871,has been done from 2016-05-23

INFO-[05-22 13:19:38]-the code 600871,has been done from 2016-05-24

INFO-[05-22 13:19:38]-the code 600871,has been done from 2016-05-25

INFO-[05-22 13:19:39]-the code 600871,has been done from 2016-05-26

INFO-[05-22 13:19:40]-the code 600871,has been done from 2016-05-27

INFO-[05-22 13:19:41]-the code 600871,has been done from 2016-05-30

INFO-[05-22 13:19:41]-the code 600871,has been done from 2016-05-31

INFO-[05-22 13:19:42]-the code 600871,has been done from 2016-06-01

INFO-[05-22 13:19:56]-the code 600871,has been done from 2016-06-02

INFO-[05-22 13:19:57]-the code 600871,has been done from 2016-06-03

INFO-[05-22 13:20:01]-the code 600871,has been done from 2016-06-06

INFO-[05-22 13:20:02]-the code 600871,has been done from 2016-06-07

INFO-[05-22 13:20:03]-the code 600871,has been done from 2016-06-08

INFO-[05-22 13:20:04]-the code 600871,has been done from 2016-06-13

INFO-[05-22 13:20:05]-the code 600871,has been done from 2016-06-14

INFO-[05-22 13:20:05]-the code 600871,has been done from 2016-06-15

INFO-[05-22 13:20:06]-the code 600871,has been done from 2016-06-16

INFO-[05-22 13:20:07]-the code 600871,has been done from 2016-06-17

INFO-[05-22 13:20:07]-the code 600871,has been done from 2016-06-20

INFO-[05-22 13:20:08]-the code 600871,has been done from 2016-06-21

INFO-[05-22 13:20:09]-the code 600871,has been done from 2016-06-22

INFO-[05-22 13:20:15]-================计算筹码分布模块================
INFO-[05-22 13:20:15]-600871：from 2016-05-01 to 2017-05-18 
INFO-[05-22 13:20:16]-the code 600871,has been done from 2016-05-01

INFO-[05-22 13:20:19]-the code 600871,has been done from 2016-05-04

INFO-[05-22 13:20:34]-================计算筹码分布模块================
INFO-[05-22 13:20:34]-600871：from 2016-05-01 to 2017-05-18 
INFO-[05-22 13:20:35]-the code 600871,has been done from 2016-05-01

INFO-[05-22 13:20:36]-the code 600871,has been done from 2016-05-04

INFO-[05-22 13:20:37]-the code 600871,has been done from 2016-05-05

INFO-[05-22 13:20:37]-the code 600871,has been done from 2016-05-06

INFO-[05-22 13:20:38]-the code 600871,has been done from 2016-05-09

INFO-[05-22 13:20:39]-the code 600871,has been done from 2016-05-10

INFO-[05-22 13:20:40]-the code 600871,has been done from 2016-05-11

INFO-[05-22 13:20:41]-the code 600871,has been done from 2016-05-12

INFO-[05-22 13:20:45]-the code 600871,has been done from 2016-05-13

INFO-[05-22 13:20:46]-the code 600871,has been done from 2016-05-16

INFO-[05-22 13:20:47]-the code 600871,has been done from 2016-05-17

INFO-[05-22 13:20:48]-the code 600871,has been done from 2016-05-18

INFO-[05-22 13:20:49]-the code 600871,has been done from 2016-05-19

INFO-[05-22 13:20:49]-the code 600871,has been done from 2016-05-20

INFO-[05-22 13:20:50]-the code 600871,has been done from 2016-05-23

INFO-[05-22 13:20:51]-the code 600871,has been done from 2016-05-24

INFO-[05-22 13:20:52]-the code 600871,has been done from 2016-05-25

INFO-[05-22 13:20:53]-the code 600871,has been done from 2016-05-26

INFO-[05-22 13:20:53]-the code 600871,has been done from 2016-05-27

INFO-[05-22 13:21:06]-the code 600871,has been done from 2016-05-30

INFO-[05-22 13:21:07]-the code 600871,has been done from 2016-05-31

INFO-[05-22 13:21:08]-the code 600871,has been done from 2016-06-01

INFO-[05-22 13:21:09]-the code 600871,has been done from 2016-06-02

INFO-[05-22 13:21:10]-the code 600871,has been done from 2016-06-03

INFO-[05-22 13:21:11]-the code 600871,has been done from 2016-06-06

INFO-[05-22 13:21:12]-the code 600871,has been done from 2016-06-07

INFO-[05-22 13:21:13]-the code 600871,has been done from 2016-06-08

INFO-[05-22 13:21:14]-the code 600871,has been done from 2016-06-13

INFO-[05-22 13:21:16]-the code 600871,has been done from 2016-06-14

INFO-[05-22 13:21:16]-the code 600871,has been done from 2016-06-15

INFO-[05-22 13:21:21]-the code 600871,has been done from 2016-06-16

INFO-[05-22 13:21:21]-the code 600871,has been done from 2016-06-17

INFO-[05-22 13:21:32]-the code 600871,has been done from 2016-06-20

INFO-[05-22 13:21:33]-the code 600871,has been done from 2016-06-21

INFO-[05-22 13:21:34]-the code 600871,has been done from 2016-06-22

INFO-[05-22 13:21:35]-the code 600871,has been done from 2016-06-23

INFO-[05-22 13:21:35]-the code 600871,has been done from 2016-06-24

INFO-[05-22 13:21:36]-the code 600871,has been done from 2016-06-27

INFO-[05-22 13:21:37]-the code 600871,has been done from 2016-06-28

INFO-[05-22 13:21:38]-the code 600871,has been done from 2016-06-29

INFO-[05-22 13:21:39]-the code 600871,has been done from 2016-06-30

INFO-[05-22 13:21:43]-the code 600871,has been done from 2016-07-01

INFO-[05-22 13:21:43]-the code 600871,has been done from 2016-07-04

INFO-[05-22 13:21:54]-the code 600871,has been done from 2016-07-05

INFO-[05-22 13:22:16]-the code 600871,has been done from 2016-07-06

INFO-[05-22 13:22:17]-the code 600871,has been done from 2016-07-07

INFO-[05-22 13:22:18]-the code 600871,has been done from 2016-07-08

INFO-[05-22 13:22:19]-the code 600871,has been done from 2016-07-11

INFO-[05-22 13:22:20]-the code 600871,has been done from 2016-07-12

INFO-[05-22 13:22:21]-the code 600871,has been done from 2016-07-13

INFO-[05-22 13:22:22]-the code 600871,has been done from 2016-07-14

INFO-[05-22 13:22:22]-the code 600871,has been done from 2016-07-15

INFO-[05-22 13:22:43]-the code 600871,has been done from 2016-07-18

INFO-[05-22 13:22:44]-the code 600871,has been done from 2016-07-19

INFO-[05-22 13:22:45]-the code 600871,has been done from 2016-07-20

INFO-[05-22 13:22:45]-the code 600871,has been done from 2016-07-21

INFO-[05-22 13:22:47]-the code 600871,has been done from 2016-07-22

INFO-[05-22 13:22:48]-the code 600871,has been done from 2016-07-25

INFO-[05-22 13:22:52]-the code 600871,has been done from 2016-07-26

INFO-[05-22 13:22:54]-the code 600871,has been done from 2016-07-27

INFO-[05-22 13:22:55]-the code 600871,has been done from 2016-07-28

INFO-[05-22 13:22:55]-the code 600871,has been done from 2016-07-29

INFO-[05-22 13:22:57]-the code 600871,has been done from 2016-08-01

INFO-[05-22 13:22:58]-the code 600871,has been done from 2016-08-02

INFO-[05-22 13:22:58]-the code 600871,has been done from 2016-08-03

INFO-[05-22 13:22:59]-the code 600871,has been done from 2016-08-04

INFO-[05-22 13:23:00]-the code 600871,has been done from 2016-08-05

INFO-[05-22 13:23:01]-the code 600871,has been done from 2016-08-08

INFO-[05-22 13:23:01]-the code 600871,has been done from 2016-08-09

INFO-[05-22 13:23:02]-the code 600871,has been done from 2016-08-10

INFO-[05-22 13:23:03]-the code 600871,has been done from 2016-08-11

INFO-[05-22 13:23:04]-the code 600871,has been done from 2016-08-12

INFO-[05-22 13:23:04]-the code 600871,has been done from 2016-08-15

INFO-[05-22 13:23:05]-the code 600871,has been done from 2016-08-16

INFO-[05-22 13:23:06]-the code 600871,has been done from 2016-08-17

INFO-[05-22 13:23:06]-the code 600871,has been done from 2016-08-18

INFO-[05-22 13:23:07]-the code 600871,has been done from 2016-08-19

INFO-[05-22 13:23:18]-the code 600871,has been done from 2016-08-22

INFO-[05-22 13:23:19]-the code 600871,has been done from 2016-08-23

INFO-[05-22 13:23:19]-the code 600871,has been done from 2016-08-24

INFO-[05-22 13:23:20]-the code 600871,has been done from 2016-08-25

INFO-[05-22 13:23:21]-the code 600871,has been done from 2016-08-26

INFO-[05-22 13:23:32]-the code 600871,has been done from 2016-08-29

INFO-[05-22 13:23:33]-the code 600871,has been done from 2016-08-30

INFO-[05-22 13:23:34]-the code 600871,has been done from 2016-08-31

INFO-[05-22 13:23:35]-the code 600871,has been done from 2016-09-01

INFO-[05-22 13:23:35]-the code 600871,has been done from 2016-09-02

INFO-[05-22 13:23:36]-the code 600871,has been done from 2016-09-05

INFO-[05-22 13:23:46]-the code 600871,has been done from 2016-09-06

INFO-[05-22 13:23:47]-the code 600871,has been done from 2016-09-07

INFO-[05-22 13:23:48]-the code 600871,has been done from 2016-09-08

INFO-[05-22 13:23:48]-the code 600871,has been done from 2016-09-09

INFO-[05-22 13:23:49]-the code 600871,has been done from 2016-09-12

INFO-[05-22 13:23:50]-the code 600871,has been done from 2016-09-13

INFO-[05-22 13:23:52]-the code 600871,has been done from 2016-09-14

INFO-[05-22 13:23:52]-the code 600871,has been done from 2016-09-19

INFO-[05-22 13:23:53]-the code 600871,has been done from 2016-09-20

INFO-[05-22 13:24:04]-the code 600871,has been done from 2016-09-21

INFO-[05-22 13:24:05]-the code 600871,has been done from 2016-09-22

INFO-[05-22 13:24:07]-the code 600871,has been done from 2016-09-23

INFO-[05-22 13:24:08]-the code 600871,has been done from 2016-09-26

INFO-[05-22 13:24:10]-the code 600871,has been done from 2016-09-27

INFO-[05-22 13:24:10]-the code 600871,has been done from 2016-09-28

INFO-[05-22 13:24:11]-the code 600871,has been done from 2016-09-29

INFO-[05-22 13:24:14]-the code 600871,has been done from 2016-09-30

INFO-[05-22 13:24:21]-the code 600871,has been done from 2016-10-10

INFO-[05-22 13:24:23]-the code 600871,has been done from 2016-10-11

INFO-[05-22 13:24:23]-the code 600871,has been done from 2016-10-12

INFO-[05-22 13:24:34]-the code 600871,has been done from 2016-10-13

INFO-[05-22 13:24:35]-the code 600871,has been done from 2016-10-14

INFO-[05-22 13:24:36]-the code 600871,has been done from 2016-10-17

INFO-[05-22 13:24:36]-the code 600871,has been done from 2016-10-18

INFO-[05-22 13:24:38]-the code 600871,has been done from 2016-10-19

INFO-[05-22 13:24:39]-the code 600871,has been done from 2016-10-20

INFO-[05-22 13:24:40]-the code 600871,has been done from 2016-10-21

INFO-[05-22 13:24:42]-the code 600871,has been done from 2016-10-24

INFO-[05-22 13:24:44]-the code 600871,has been done from 2016-10-25

INFO-[05-22 13:24:47]-the code 600871,has been done from 2016-10-26

INFO-[05-22 13:24:48]-the code 600871,has been done from 2016-10-27

INFO-[05-22 13:24:49]-the code 600871,has been done from 2016-10-28

INFO-[05-22 13:24:50]-the code 600871,has been done from 2016-10-31

INFO-[05-22 13:24:51]-the code 600871,has been done from 2016-11-01

INFO-[05-22 13:24:52]-the code 600871,has been done from 2016-11-02

INFO-[05-22 13:24:53]-the code 600871,has been done from 2016-11-03

INFO-[05-22 13:24:54]-the code 600871,has been done from 2016-11-04

INFO-[05-22 13:24:54]-the code 600871,has been done from 2016-11-07

INFO-[05-22 13:24:55]-the code 600871,has been done from 2016-11-08

INFO-[05-22 13:24:56]-the code 600871,has been done from 2016-11-09

INFO-[05-22 13:24:57]-the code 600871,has been done from 2016-11-10

INFO-[05-22 13:25:08]-the code 600871,has been done from 2016-11-11

INFO-[05-22 13:25:09]-the code 600871,has been done from 2016-11-14

INFO-[05-22 13:25:10]-the code 600871,has been done from 2016-11-15

INFO-[05-22 13:25:10]-the code 600871,has been done from 2016-11-16

INFO-[05-22 13:25:12]-the code 600871,has been done from 2016-11-17

INFO-[05-22 13:25:24]-the code 600871,has been done from 2016-11-18

INFO-[05-22 13:25:25]-the code 600871,has been done from 2016-11-21

INFO-[05-22 13:25:46]-the code 600871,has been done from 2016-11-22

INFO-[05-22 13:25:46]-the code 600871,has been done from 2016-11-23

INFO-[05-22 13:25:47]-the code 600871,has been done from 2016-11-24

INFO-[05-22 13:25:48]-the code 600871,has been done from 2016-11-25

WARNING-[05-22 13:25:48]-
计算换手率数据下载错误：2016-11-25自动计算计算
ERROR-[05-22 13:25:48]-
数据有问题中断本次：2016-11-25没有计算成功
INFO-[05-22 13:25:49]-the code 600871,has been done from 2016-11-28

INFO-[05-22 13:25:49]-the code 600871,has been done from 2016-11-29

INFO-[05-22 13:25:50]-the code 600871,has been done from 2016-11-30

INFO-[05-22 13:25:51]-the code 600871,has been done from 2016-12-01

INFO-[05-22 13:25:52]-the code 600871,has been done from 2016-12-02

INFO-[05-22 13:25:53]-the code 600871,has been done from 2016-12-05

INFO-[05-22 13:25:55]-the code 600871,has been done from 2016-12-06

INFO-[05-22 13:25:56]-the code 600871,has been done from 2016-12-07

INFO-[05-22 13:25:56]-the code 600871,has been done from 2016-12-08

INFO-[05-22 13:25:57]-the code 600871,has been done from 2016-12-09

INFO-[05-22 13:25:58]-the code 600871,has been done from 2016-12-12

INFO-[05-22 13:26:01]-the code 600871,has been done from 2016-12-13

INFO-[05-22 13:26:01]-the code 600871,has been done from 2016-12-14

INFO-[05-22 13:26:02]-the code 600871,has been done from 2016-12-15

INFO-[05-22 13:26:03]-the code 600871,has been done from 2016-12-16

INFO-[05-22 13:26:13]-the code 600871,has been done from 2016-12-19

INFO-[05-22 13:26:14]-the code 600871,has been done from 2016-12-20

INFO-[05-22 13:26:15]-the code 600871,has been done from 2016-12-21

INFO-[05-22 13:26:16]-the code 600871,has been done from 2016-12-22

INFO-[05-22 13:26:20]-the code 600871,has been done from 2016-12-23

INFO-[05-22 13:26:21]-the code 600871,has been done from 2016-12-26

INFO-[05-22 13:26:23]-the code 600871,has been done from 2016-12-27

INFO-[05-22 13:26:24]-the code 600871,has been done from 2016-12-28

INFO-[05-22 13:26:25]-the code 600871,has been done from 2016-12-29

INFO-[05-22 13:26:26]-the code 600871,has been done from 2016-12-30

INFO-[05-22 13:26:27]-the code 600871,has been done from 2017-01-03

INFO-[05-22 13:26:28]-the code 600871,has been done from 2017-01-04

INFO-[05-22 13:26:29]-the code 600871,has been done from 2017-01-05

INFO-[05-22 13:26:30]-the code 600871,has been done from 2017-01-06

INFO-[05-22 13:26:42]-the code 600871,has been done from 2017-01-09

INFO-[05-22 13:26:43]-the code 600871,has been done from 2017-01-10

INFO-[05-22 13:26:44]-the code 600871,has been done from 2017-01-11

INFO-[05-22 13:26:45]-the code 600871,has been done from 2017-01-12

INFO-[05-22 13:26:46]-the code 600871,has been done from 2017-01-13

INFO-[05-22 13:26:47]-the code 600871,has been done from 2017-01-16

INFO-[05-22 13:26:48]-the code 600871,has been done from 2017-01-17

INFO-[05-22 13:26:49]-the code 600871,has been done from 2017-01-18

INFO-[05-22 13:27:10]-the code 600871,has been done from 2017-01-19

INFO-[05-22 13:27:10]-the code 600871,has been done from 2017-01-20

INFO-[05-22 13:27:11]-the code 600871,has been done from 2017-01-23

INFO-[05-22 13:27:12]-the code 600871,has been done from 2017-01-24

INFO-[05-22 13:27:13]-the code 600871,has been done from 2017-01-25

INFO-[05-22 13:27:13]-the code 600871,has been done from 2017-01-26

INFO-[05-22 13:27:14]-the code 600871,has been done from 2017-02-03

INFO-[05-22 13:27:15]-the code 600871,has been done from 2017-02-06

INFO-[05-22 13:27:15]-the code 600871,has been done from 2017-02-07

INFO-[05-22 13:27:16]-the code 600871,has been done from 2017-02-08

INFO-[05-22 13:27:17]-the code 600871,has been done from 2017-02-09

INFO-[05-22 13:27:18]-the code 600871,has been done from 2017-02-10

INFO-[05-22 13:27:19]-the code 600871,has been done from 2017-02-13

INFO-[05-22 13:27:19]-the code 600871,has been done from 2017-02-14

INFO-[05-22 13:27:20]-the code 600871,has been done from 2017-02-15

INFO-[05-22 13:27:21]-the code 600871,has been done from 2017-02-16

INFO-[05-22 13:27:22]-the code 600871,has been done from 2017-02-17

INFO-[05-22 13:27:23]-the code 600871,has been done from 2017-02-20

INFO-[05-22 13:27:23]-the code 600871,has been done from 2017-02-21

INFO-[05-22 13:27:24]-the code 600871,has been done from 2017-02-22

INFO-[05-22 13:27:26]-the code 600871,has been done from 2017-02-23

INFO-[05-22 13:27:26]-the code 600871,has been done from 2017-02-24

INFO-[05-22 13:27:27]-the code 600871,has been done from 2017-02-27

INFO-[05-22 13:27:28]-the code 600871,has been done from 2017-02-28

INFO-[05-22 13:27:28]-the code 600871,has been done from 2017-03-01

INFO-[05-22 13:27:29]-the code 600871,has been done from 2017-03-02

INFO-[05-22 13:27:30]-the code 600871,has been done from 2017-03-03

INFO-[05-22 13:27:30]-the code 600871,has been done from 2017-03-06

INFO-[05-22 13:27:31]-the code 600871,has been done from 2017-03-07

INFO-[05-22 13:27:32]-the code 600871,has been done from 2017-03-08

INFO-[05-22 13:27:33]-the code 600871,has been done from 2017-03-09

INFO-[05-22 13:27:34]-the code 600871,has been done from 2017-03-10

INFO-[05-22 13:27:35]-the code 600871,has been done from 2017-03-13

INFO-[05-22 13:27:35]-the code 600871,has been done from 2017-03-14

INFO-[05-22 13:27:39]-the code 600871,has been done from 2017-03-15

INFO-[05-22 13:27:40]-the code 600871,has been done from 2017-03-16

INFO-[05-22 13:27:41]-the code 600871,has been done from 2017-03-17

INFO-[05-22 13:27:42]-the code 600871,has been done from 2017-03-20

INFO-[05-22 13:27:43]-the code 600871,has been done from 2017-03-21

INFO-[05-22 13:27:44]-the code 600871,has been done from 2017-03-22

INFO-[05-22 13:27:45]-the code 600871,has been done from 2017-03-23

INFO-[05-22 13:27:45]-the code 600871,has been done from 2017-03-24

INFO-[05-22 13:28:08]-the code 600871,has been done from 2017-03-27

INFO-[05-22 13:28:09]-the code 600871,has been done from 2017-03-28

INFO-[05-22 13:28:10]-the code 600871,has been done from 2017-03-29

INFO-[05-22 13:28:11]-the code 600871,has been done from 2017-03-30

INFO-[05-22 13:28:12]-the code 600871,has been done from 2017-03-31

INFO-[05-22 13:28:12]-the code 600871,has been done from 2017-04-05

INFO-[05-22 13:28:13]-the code 600871,has been done from 2017-04-06

INFO-[05-22 13:28:14]-the code 600871,has been done from 2017-04-07

INFO-[05-22 13:28:15]-the code 600871,has been done from 2017-04-10

INFO-[05-22 13:28:16]-the code 600871,has been done from 2017-04-11

INFO-[05-22 13:28:17]-the code 600871,has been done from 2017-04-12

INFO-[05-22 13:28:17]-the code 600871,has been done from 2017-04-13

INFO-[05-22 13:28:18]-the code 600871,has been done from 2017-04-14

INFO-[05-22 13:28:29]-the code 600871,has been done from 2017-04-17

INFO-[05-22 13:28:39]-the code 600871,has been done from 2017-04-18

INFO-[05-22 13:28:40]-the code 600871,has been done from 2017-04-19

INFO-[05-22 13:28:41]-the code 600871,has been done from 2017-04-20

INFO-[05-22 13:28:42]-the code 600871,has been done from 2017-04-21

INFO-[05-22 13:28:42]-the code 600871,has been done from 2017-04-24

INFO-[05-22 13:28:43]-the code 600871,has been done from 2017-04-25

INFO-[05-22 13:28:45]-the code 600871,has been done from 2017-04-26

INFO-[05-22 13:28:46]-the code 600871,has been done from 2017-04-27

INFO-[05-22 13:28:57]-the code 600871,has been done from 2017-04-28

INFO-[05-22 13:28:57]-the code 600871,has been done from 2017-05-02

INFO-[05-22 13:28:58]-the code 600871,has been done from 2017-05-03

INFO-[05-22 13:28:58]-the code 600871,has been done from 2017-05-04

INFO-[05-22 13:28:59]-the code 600871,has been done from 2017-05-05

INFO-[05-22 13:29:00]-the code 600871,has been done from 2017-05-08

INFO-[05-22 13:29:01]-the code 600871,has been done from 2017-05-09

INFO-[05-22 13:29:02]-the code 600871,has been done from 2017-05-10

INFO-[05-22 13:29:03]-the code 600871,has been done from 2017-05-11

INFO-[05-22 13:29:17]-the code 600871,has been done from 2017-05-12

INFO-[05-22 13:29:17]-the code 600871,has been done from 2017-05-15

INFO-[05-22 13:29:18]-the code 600871,has been done from 2017-05-16

ERROR-[05-22 13:29:18]-
数据：2017-05-17没有计算成功
INFO-[05-22 13:29:19]-the code 600871,has been done from 2017-05-18

INFO-[05-22 13:48:01]-================计算筹码分布模块================
INFO-[05-22 13:48:01]-600871：from 2017-05-01 to 2017-05-18
INFO-[05-22 13:48:22]-the code 600871,has been done from 2017-05-01

INFO-[05-22 13:48:24]-the code 600871,has been done from 2017-05-03

INFO-[05-22 13:48:24]-the code 600871,has been done from 2017-05-04

INFO-[05-22 13:48:25]-the code 600871,has been done from 2017-05-05

INFO-[05-22 13:48:26]-the code 600871,has been done from 2017-05-08

INFO-[05-22 13:48:27]-the code 600871,has been done from 2017-05-09

INFO-[05-22 13:48:27]-the code 600871,has been done from 2017-05-10

INFO-[05-22 13:48:28]-the code 600871,has been done from 2017-05-11

INFO-[05-22 13:48:30]-the code 600871,has been done from 2017-05-12

INFO-[05-22 13:48:30]-the code 600871,has been done from 2017-05-15

INFO-[05-22 13:48:31]-the code 600871,has been done from 2017-05-16

INFO-[05-22 13:48:44]-the code 600871,has been done from 2017-05-17

INFO-[05-22 13:48:45]-the code 600871,has been done from 2017-05-18

INFO-[05-22 13:50:03]-================计算筹码分布模块================
INFO-[05-22 13:50:03]-600871：from 2017-05-01 to 2017-05-18
INFO-[05-22 13:50:04]-the code 600871,has been done from 2017-05-01

INFO-[05-22 13:50:06]-the code 600871,has been done from 2017-05-03

INFO-[05-22 13:50:07]-the code 600871,has been done from 2017-05-04

INFO-[05-22 13:50:07]-the code 600871,has been done from 2017-05-05

INFO-[05-22 13:50:08]-the code 600871,has been done from 2017-05-08

INFO-[05-22 13:50:09]-the code 600871,has been done from 2017-05-09

INFO-[05-22 13:50:10]-the code 600871,has been done from 2017-05-10

INFO-[05-22 13:50:10]-the code 600871,has been done from 2017-05-11

ERROR-[05-22 13:50:20]-
数据：2017-05-12没有计算成功
INFO-[05-22 13:50:21]-the code 600871,has been done from 2017-05-15

INFO-[05-22 13:50:22]-the code 600871,has been done from 2017-05-16

INFO-[05-22 13:50:34]-the code 600871,has been done from 2017-05-17

INFO-[05-22 13:50:35]-the code 600871,has been done from 2017-05-18

INFO-[05-22 13:56:45]-================计算筹码分布模块================
INFO-[05-22 13:56:45]-600871：from 2017-05-01 to 2017-05-18
INFO-[05-22 13:56:46]-the code 600871,has been done from 2017-05-01

INFO-[05-22 13:56:48]-the code 600871,has been done from 2017-05-03

WARNING-[05-22 13:56:48]-
计算换手率数据下载错误：2017-05-03自动计算计算
INFO-[05-22 13:56:49]-the code 600871,has been done from 2017-05-04

WARNING-[05-22 13:56:49]-
计算换手率数据下载错误：2017-05-04自动计算计算
INFO-[05-22 13:56:49]-the code 600871,has been done from 2017-05-05

WARNING-[05-22 13:56:49]-
计算换手率数据下载错误：2017-05-05自动计算计算
INFO-[05-22 13:56:51]-the code 600871,has been done from 2017-05-08

WARNING-[05-22 13:56:51]-
计算换手率数据下载错误：2017-05-08自动计算计算
INFO-[05-22 13:56:51]-the code 600871,has been done from 2017-05-09

WARNING-[05-22 13:56:51]-
计算换手率数据下载错误：2017-05-09自动计算计算
INFO-[05-22 13:56:52]-the code 600871,has been done from 2017-05-10

WARNING-[05-22 13:56:52]-
计算换手率数据下载错误：2017-05-10自动计算计算
INFO-[05-22 13:56:53]-the code 600871,has been done from 2017-05-11

WARNING-[05-22 13:56:53]-
计算换手率数据下载错误：2017-05-11自动计算计算
INFO-[05-22 13:56:54]-the code 600871,has been done from 2017-05-12

WARNING-[05-22 13:56:54]-
计算换手率数据下载错误：2017-05-12自动计算计算
INFO-[05-22 13:56:55]-the code 600871,has been done from 2017-05-15

WARNING-[05-22 13:56:55]-
计算换手率数据下载错误：2017-05-15自动计算计算
INFO-[05-22 13:56:56]-the code 600871,has been done from 2017-05-16

WARNING-[05-22 13:56:56]-
计算换手率数据下载错误：2017-05-16自动计算计算
INFO-[05-22 13:56:58]-the code 600871,has been done from 2017-05-17

WARNING-[05-22 13:56:58]-
计算换手率数据下载错误：2017-05-17自动计算计算
INFO-[05-22 13:56:59]-the code 600871,has been done from 2017-05-18

WARNING-[05-22 13:56:59]-
计算换手率数据下载错误：2017-05-18自动计算计算
INFO-[05-22 13:59:26]-================计算筹码分布模块================
INFO-[05-22 13:59:26]-600871：from 2017-05-01 to 2017-05-18
INFO-[05-22 13:59:27]-the code 600871,has been done from 2017-05-01

INFO-[05-22 13:59:30]-the code 600871,has been done from 2017-05-03

WARNING-[05-22 13:59:30]-
计算换手率数据下载错误：2017-05-03自动计算计算
INFO-[05-22 13:59:30]-the code 600871,has been done from 2017-05-04

WARNING-[05-22 13:59:30]-
计算换手率数据下载错误：2017-05-04自动计算计算
INFO-[05-22 13:59:31]-the code 600871,has been done from 2017-05-05

WARNING-[05-22 13:59:31]-
计算换手率数据下载错误：2017-05-05自动计算计算
INFO-[05-22 13:59:42]-the code 600871,has been done from 2017-05-08

WARNING-[05-22 13:59:42]-
计算换手率数据下载错误：2017-05-08自动计算计算
INFO-[05-22 13:59:42]-the code 600871,has been done from 2017-05-09

WARNING-[05-22 13:59:42]-
计算换手率数据下载错误：2017-05-09自动计算计算
INFO-[05-22 13:59:43]-the code 600871,has been done from 2017-05-10

WARNING-[05-22 13:59:43]-
计算换手率数据下载错误：2017-05-10自动计算计算
INFO-[05-22 13:59:45]-the code 600871,has been done from 2017-05-11

WARNING-[05-22 13:59:45]-
计算换手率数据下载错误：2017-05-11自动计算计算
INFO-[05-22 14:00:06]-the code 600871,has been done from 2017-05-12

WARNING-[05-22 14:00:06]-
计算换手率数据下载错误：2017-05-12自动计算计算
INFO-[05-22 14:00:07]-the code 600871,has been done from 2017-05-15

WARNING-[05-22 14:00:07]-
计算换手率数据下载错误：2017-05-15自动计算计算
INFO-[05-22 14:00:07]-the code 600871,has been done from 2017-05-16

WARNING-[05-22 14:00:07]-
计算换手率数据下载错误：2017-05-16自动计算计算
INFO-[05-22 14:00:09]-the code 600871,has been done from 2017-05-17

WARNING-[05-22 14:00:09]-
计算换手率数据下载错误：2017-05-17自动计算计算
INFO-[05-22 14:00:20]-the code 600871,has been done from 2017-05-18

WARNING-[05-22 14:00:20]-
计算换手率数据下载错误：2017-05-18自动计算计算
ERROR-[05-22 14:00:20]-
数据有问题中断本次：2017-05-18没有计算成功
INFO-[05-22 14:03:39]-================计算筹码分布模块================
INFO-[05-22 14:03:39]-600871：from 2017-05-01 to 2017-05-18
INFO-[05-22 14:03:50]-the code 600871,has been done from 2017-05-01

INFO-[05-22 14:03:51]-the code 600871,has been done from 2017-05-03

WARNING-[05-22 14:03:51]-
计算换手率数据下载错误：2017-05-03自动计算计算
INFO-[05-22 14:03:52]-the code 600871,has been done from 2017-05-04

WARNING-[05-22 14:03:52]-
计算换手率数据下载错误：2017-05-04自动计算计算
INFO-[05-22 14:03:53]-the code 600871,has been done from 2017-05-05

WARNING-[05-22 14:03:53]-
计算换手率数据下载错误：2017-05-05自动计算计算
INFO-[05-22 14:03:53]-the code 600871,has been done from 2017-05-08

WARNING-[05-22 14:03:53]-
计算换手率数据下载错误：2017-05-08自动计算计算
INFO-[05-22 14:03:54]-the code 600871,has been done from 2017-05-09

WARNING-[05-22 14:03:54]-
计算换手率数据下载错误：2017-05-09自动计算计算
INFO-[05-22 14:03:55]-the code 600871,has been done from 2017-05-10

WARNING-[05-22 14:03:55]-
计算换手率数据下载错误：2017-05-10自动计算计算
INFO-[05-22 14:03:56]-the code 600871,has been done from 2017-05-11

WARNING-[05-22 14:03:56]-
计算换手率数据下载错误：2017-05-11自动计算计算
INFO-[05-22 14:04:06]-the code 600871,has been done from 2017-05-12

WARNING-[05-22 14:04:06]-
计算换手率数据下载错误：2017-05-12自动计算计算
INFO-[05-22 14:04:08]-the code 600871,has been done from 2017-05-15

WARNING-[05-22 14:04:08]-
计算换手率数据下载错误：2017-05-15自动计算计算
INFO-[05-22 14:04:10]-the code 600871,has been done from 2017-05-16

WARNING-[05-22 14:04:10]-
计算换手率数据下载错误：2017-05-16自动计算计算
INFO-[05-22 14:04:10]-the code 600871,has been done from 2017-05-17

WARNING-[05-22 14:04:10]-
计算换手率数据下载错误：2017-05-17自动计算计算
INFO-[05-22 14:04:11]-the code 600871,has been done from 2017-05-18

WARNING-[05-22 14:04:11]-
计算换手率数据下载错误：2017-05-18自动计算计算
INFO-[05-24 15:36:35]-========股票解禁-stock unblocked========
INFO-[05-24 15:36:35]-2017-05-24 15:36:35
INFO-[05-24 15:36:35]-update unblocked stock 12 months
DEBUG-[05-24 15:36:35]-search the 2017-5 datas
DEBUG-[05-24 15:36:35]-search the 2017-6 datas
DEBUG-[05-24 15:36:38]-search the 2017-7 datas
DEBUG-[05-24 15:36:40]-search the 2017-8 datas
DEBUG-[05-24 15:36:42]-search the 2017-9 datas
DEBUG-[05-24 15:36:42]-search the 2017-10 datas
DEBUG-[05-24 15:36:45]-search the 2017-11 datas
DEBUG-[05-24 15:36:46]-search the 2017-12 datas
DEBUG-[05-24 15:36:48]-search the 2018-1 datas
DEBUG-[05-24 15:36:49]-search the 2018-2 datas
DEBUG-[05-24 15:36:51]-search the 2018-3 datas
DEBUG-[05-24 15:36:54]-search the 2018-4 datas
INFO-[05-24 15:36:55]-downloading_completed
INFO-[05-24 15:40:05]-========股票解禁-stock unblocked========
INFO-[05-24 15:40:05]-2017-05-24 15:40:05
INFO-[05-24 15:40:05]-update unblocked stock 12 months
DEBUG-[05-24 15:40:05]-search the 2017-5 datas
DEBUG-[05-24 15:40:05]-search the 2017-6 datas
DEBUG-[05-24 15:40:07]-search the 2017-7 datas
DEBUG-[05-24 15:40:09]-search the 2017-8 datas
DEBUG-[05-24 15:40:11]-search the 2017-9 datas
DEBUG-[05-24 15:40:13]-search the 2017-10 datas
DEBUG-[05-24 15:40:14]-search the 2017-11 datas
DEBUG-[05-24 15:40:18]-search the 2017-12 datas
DEBUG-[05-24 15:40:21]-search the 2018-1 datas
DEBUG-[05-24 15:40:23]-search the 2018-2 datas
DEBUG-[05-24 15:40:24]-search the 2018-3 datas
DEBUG-[05-24 15:40:25]-search the 2018-4 datas
INFO-[05-24 15:40:27]-downloading_completed
INFO-[05-24 15:40:52]-========股票解禁-stock unblocked========
INFO-[05-24 15:40:52]-2017-05-24 15:40:52
INFO-[05-24 15:40:52]-update unblocked stock 11 months
DEBUG-[05-24 15:40:52]-search the 2017-5 datas
DEBUG-[05-24 15:40:55]-search the 2017-6 datas
DEBUG-[05-24 15:40:56]-search the 2017-7 datas
INFO-[05-24 15:40:59]-========股票解禁-stock unblocked========
INFO-[05-24 15:40:59]-2017-05-24 15:40:59
INFO-[05-24 15:40:59]-update unblocked stock 1 months
DEBUG-[05-24 15:40:59]-search the 2017-5 datas
INFO-[05-24 15:40:59]-downloading_completed
INFO-[05-24 15:41:27]-========股票解禁-stock unblocked========
INFO-[05-24 15:41:27]-2017-05-24 15:41:27
INFO-[05-24 15:41:27]-update unblocked stock 1 months
DEBUG-[05-24 15:41:27]-search the 2017-5 datas
INFO-[05-24 15:41:28]-downloading_completed
INFO-[05-24 15:41:43]-========股票解禁-stock unblocked========
INFO-[05-24 15:41:43]-2017-05-24 15:41:43
INFO-[05-24 15:41:43]-update unblocked stock 1 months
DEBUG-[05-24 15:41:43]-search the 2017-5 datas
INFO-[05-24 15:41:43]-downloading_completed
INFO-[05-24 15:42:01]-========股票解禁-stock unblocked========
INFO-[05-24 15:42:01]-2017-05-24 15:42:01
INFO-[05-24 15:42:01]-update unblocked stock 1 months
DEBUG-[05-24 15:42:01]-search the 2017-5 datas
INFO-[05-24 15:42:01]-downloading_completed
INFO-[05-24 15:42:48]-========股票解禁-stock unblocked========
INFO-[05-24 15:42:48]-2017-05-24 15:42:48
INFO-[05-24 15:42:48]-update unblocked stock 1 months
DEBUG-[05-24 15:42:48]-search the 2017-5 datas
INFO-[05-24 15:42:48]-downloading_completed
INFO-[05-24 15:43:06]-========股票解禁-stock unblocked========
INFO-[05-24 15:43:06]-2017-05-24 15:43:06
INFO-[05-24 15:43:06]-update unblocked stock 1 months
DEBUG-[05-24 15:43:06]-search the 2017-5 datas
INFO-[05-24 15:43:06]-downloading_completed
INFO-[05-24 15:43:33]-========股票解禁-stock unblocked========
INFO-[05-24 15:43:33]-2017-05-24 15:43:33
INFO-[05-24 15:43:33]-update unblocked stock 1 months
DEBUG-[05-24 15:43:33]-search the 2017-5 datas
INFO-[05-24 15:43:33]-downloading_completed
INFO-[05-24 15:43:40]-========股票解禁-stock unblocked========
INFO-[05-24 15:43:40]-2017-05-24 15:43:40
INFO-[05-24 15:43:40]-update unblocked stock 1 months
DEBUG-[05-24 15:43:40]-search the 2017-5 datas
INFO-[05-24 15:43:41]-downloading_completed
INFO-[05-24 15:45:06]-========股票解禁-stock unblocked========
INFO-[05-24 15:45:06]-2017-05-24 15:45:06
INFO-[05-24 15:45:06]-update unblocked stock 1 months
DEBUG-[05-24 15:45:06]-search the 2017-5 datas
INFO-[05-24 15:45:07]-downloading_completed
INFO-[05-24 15:49:03]-========股票解禁-stock unblocked========
INFO-[05-24 15:49:03]-2017-05-24 15:49:03
INFO-[05-24 15:49:03]-update unblocked stock 1 months
DEBUG-[05-24 15:49:03]-search the 2017-5 datas
INFO-[05-24 15:49:03]-downloading_completed
INFO-[05-24 15:54:48]-========股票解禁（万股）-stock unblocked========
INFO-[05-24 15:54:48]-2017-05-24 15:54:48
INFO-[05-24 15:54:48]-update unblocked stock 1 months
DEBUG-[05-24 15:54:48]-search the 2017-5 datas
INFO-[05-24 15:54:49]-downloading_completed
INFO-[05-24 15:55:20]-========股票解禁（万股）-stock unblocked========
INFO-[05-24 15:55:20]-2017-05-24 15:55:20
INFO-[05-24 15:55:20]-update unblocked stock 1 months
DEBUG-[05-24 15:55:20]-search the 2017-5 datas
INFO-[05-24 15:55:20]-downloading_completed
INFO-[05-24 15:55:39]-========股票解禁（万股）-stock unblocked========
INFO-[05-24 15:55:39]-2017-05-24 15:55:39
INFO-[05-24 15:55:39]-update unblocked stock 1 months
DEBUG-[05-24 15:55:39]-search the 2017-5 datas
INFO-[05-24 15:55:39]-downloading_completed
INFO-[05-24 15:56:24]-========股票解禁（万股）-stock unblocked========
INFO-[05-24 15:56:24]-2017-05-24 15:56:24
INFO-[05-24 15:56:24]-update unblocked stock 1 months
DEBUG-[05-24 15:56:24]-search the 2017-5 datas
INFO-[05-24 15:56:24]-downloading_completed
INFO-[05-24 15:56:50]-========股票解禁（万股）-stock unblocked========
INFO-[05-24 15:56:50]-2017-05-24 15:56:50
INFO-[05-24 15:56:50]-update unblocked stock 1 months
DEBUG-[05-24 15:56:50]-search the 2017-5 datas
INFO-[05-24 15:56:50]-downloading_completed
INFO-[05-24 15:57:12]-========股票解禁（万股）-stock unblocked========
INFO-[05-24 15:57:12]-2017-05-24 15:57:12
INFO-[05-24 15:57:12]-update unblocked stock 1 months
DEBUG-[05-24 15:57:12]-search the 2017-5 datas
INFO-[05-24 15:57:12]-downloading_completed
INFO-[05-24 16:01:00]-========股票解禁（万股）-stock unblocked========
INFO-[05-24 16:01:00]-2017-05-24 16:01:00
INFO-[05-24 16:01:00]-update unblocked stock 1 months
DEBUG-[05-24 16:01:00]-search the 2017-5 datas
INFO-[05-24 16:01:00]-downloading_completed
INFO-[05-24 16:01:10]-========股票解禁（万股）-stock unblocked========
INFO-[05-24 16:01:10]-2017-05-24 16:01:10
INFO-[05-24 16:01:10]-update unblocked stock 1 months
DEBUG-[05-24 16:01:10]-search the 2017-5 datas
INFO-[05-24 16:01:11]-downloading_completed
INFO-[05-24 16:01:26]-========股票解禁（万股）-stock unblocked========
INFO-[05-24 16:01:26]-2017-05-24 16:01:26
INFO-[05-24 16:01:26]-update unblocked stock 1 months
DEBUG-[05-24 16:01:26]-search the 2017-5 datas
INFO-[05-24 16:01:26]-downloading_completed
INFO-[05-24 16:01:39]-========股票解禁（万股）-stock unblocked========
INFO-[05-24 16:01:39]-2017-05-24 16:01:39
INFO-[05-24 16:01:39]-update unblocked stock 1 months
DEBUG-[05-24 16:01:39]-search the 2017-5 datas
INFO-[05-24 16:01:39]-downloading_completed
INFO-[05-24 16:03:01]-========股票解禁（万股）-stock unblocked========
INFO-[05-24 16:03:01]-2017-05-24 16:03:01
INFO-[05-24 16:03:01]-update unblocked stock 1 months
DEBUG-[05-24 16:03:01]-search the 2017-5 datas
INFO-[05-24 16:03:02]-downloading_completed
INFO-[05-24 16:03:17]-========股票解禁（万股）-stock unblocked========
INFO-[05-24 16:03:17]-2017-05-24 16:03:17
INFO-[05-24 16:03:17]-update unblocked stock 1 months
DEBUG-[05-24 16:03:17]-search the 2017-5 datas
INFO-[05-24 16:03:18]-downloading_completed
INFO-[05-24 16:03:42]-========股票解禁（万股）-stock unblocked========
INFO-[05-24 16:03:42]-2017-05-24 16:03:42
INFO-[05-24 16:03:42]-update unblocked stock 1 months
DEBUG-[05-24 16:03:42]-search the 2017-5 datas
INFO-[05-24 16:03:42]-downloading_completed
INFO-[05-24 16:06:00]-========股票解禁（万股）-stock unblocked========
INFO-[05-24 16:06:00]-2017-05-24 16:06:00
INFO-[05-24 16:06:00]-update unblocked stock 1 months
DEBUG-[05-24 16:06:00]-search the 2017-5 datas
INFO-[05-24 16:06:00]-downloading_completed
INFO-[05-24 16:06:12]-========股票解禁（万股）-stock unblocked========
INFO-[05-24 16:06:12]-2017-05-24 16:06:12
INFO-[05-24 16:06:12]-update unblocked stock 1 months
DEBUG-[05-24 16:06:12]-search the 2017-5 datas
INFO-[05-24 16:06:12]-downloading_completed
INFO-[05-24 16:07:43]-========股票解禁（万股）-stock unblocked========
INFO-[05-24 16:07:43]-2017-05-24 16:07:43
INFO-[05-24 16:07:43]-update unblocked stock 1 months
DEBUG-[05-24 16:07:43]-search the 2017-5 datas
INFO-[05-24 16:07:43]-downloading_completed
INFO-[05-24 16:08:44]-========股票解禁（万股）-stock unblocked========
INFO-[05-24 16:08:44]-2017-05-24 16:08:44
INFO-[05-24 16:08:44]-update unblocked stock 1 months
DEBUG-[05-24 16:08:44]-search the 2017-5 datas
INFO-[05-24 16:08:44]-downloading_completed
INFO-[05-24 16:08:55]-========股票解禁（万股）-stock unblocked========
INFO-[05-24 16:08:55]-2017-05-24 16:08:55
INFO-[05-24 16:08:55]-update unblocked stock 1 months
DEBUG-[05-24 16:08:55]-search the 2017-5 datas
INFO-[05-24 16:08:55]-downloading_completed
INFO-[05-24 16:09:07]-========股票解禁（万股）-stock unblocked========
INFO-[05-24 16:09:07]-2017-05-24 16:09:07
INFO-[05-24 16:09:07]-update unblocked stock 1 months
DEBUG-[05-24 16:09:07]-search the 2017-5 datas
INFO-[05-24 16:09:07]-downloading_completed
INFO-[05-24 16:09:36]-========股票解禁（万股）-stock unblocked========
INFO-[05-24 16:09:36]-2017-05-24 16:09:36
INFO-[05-24 16:09:36]-update unblocked stock 1 months
DEBUG-[05-24 16:09:36]-search the 2017-5 datas
INFO-[05-24 16:09:36]-downloading_completed
INFO-[05-24 16:09:46]-========股票解禁（万股）-stock unblocked========
INFO-[05-24 16:09:46]-2017-05-24 16:09:46
INFO-[05-24 16:09:46]-update unblocked stock 1 months
DEBUG-[05-24 16:09:46]-search the 2017-5 datas
INFO-[05-24 16:09:46]-downloading_completed
INFO-[05-24 16:15:00]-========股票解禁（万股）-stock unblocked========
INFO-[05-24 16:15:00]-2017-05-24 16:15:00
INFO-[05-24 16:15:00]-update unblocked stock 1 months
DEBUG-[05-24 16:15:00]-search the 2017-5 datas
INFO-[05-24 16:15:00]-downloading_completed
INFO-[05-24 16:15:22]-========股票解禁（万股）-stock unblocked========
INFO-[05-24 16:15:22]-2017-05-24 16:15:22
INFO-[05-24 16:15:22]-update unblocked stock 1 months
DEBUG-[05-24 16:15:22]-search the 2017-5 datas
INFO-[05-24 16:15:22]-downloading_completed
INFO-[05-24 16:16:20]-========股票解禁（万股）-stock unblocked========
INFO-[05-24 16:16:20]-2017-05-24 16:16:20
INFO-[05-24 16:16:20]-update unblocked stock 1 months
DEBUG-[05-24 16:16:20]-search the 2017-5 datas
INFO-[05-24 16:16:20]-downloading_completed
INFO-[05-24 16:16:42]-========股票解禁（万股）-stock unblocked========
INFO-[05-24 16:16:42]-2017-05-24 16:16:42
INFO-[05-24 16:16:42]-update unblocked stock 1 months
DEBUG-[05-24 16:16:42]-search the 2017-5 datas
INFO-[05-24 16:16:42]-downloading_completed
INFO-[05-24 16:16:57]-========股票解禁（万股）-stock unblocked========
INFO-[05-24 16:16:57]-2017-05-24 16:16:57
INFO-[05-24 16:16:57]-update unblocked stock 1 months
DEBUG-[05-24 16:16:57]-search the 2017-5 datas
INFO-[05-24 16:16:57]-downloading_completed
INFO-[05-24 16:17:23]-========股票解禁（万股）-stock unblocked========
INFO-[05-24 16:17:23]-2017-05-24 16:17:23
INFO-[05-24 16:17:23]-update unblocked stock 1 months
DEBUG-[05-24 16:17:23]-search the 2017-5 datas
INFO-[05-24 16:17:25]-downloading_completed
INFO-[05-24 16:17:57]-========股票解禁（万股）-stock unblocked========
INFO-[05-24 16:17:57]-2017-05-24 16:17:57
INFO-[05-24 16:17:57]-update unblocked stock 1 months
DEBUG-[05-24 16:17:57]-search the 2017-5 datas
INFO-[05-24 16:17:57]-downloading_completed
INFO-[05-24 16:18:17]-========股票解禁（万股）-stock unblocked========
INFO-[05-24 16:18:17]-2017-05-24 16:18:17
INFO-[05-24 16:18:17]-update unblocked stock 1 months
DEBUG-[05-24 16:18:17]-search the 2017-5 datas
INFO-[05-24 16:18:17]-downloading_completed
INFO-[05-24 16:18:31]-========股票解禁（万股）-stock unblocked========
INFO-[05-24 16:18:31]-2017-05-24 16:18:31
INFO-[05-24 16:18:31]-update unblocked stock 1 months
DEBUG-[05-24 16:18:31]-search the 2017-5 datas
INFO-[05-24 16:18:31]-downloading_completed
INFO-[05-24 16:18:50]-========股票解禁（万股）-stock unblocked========
INFO-[05-24 16:18:50]-2017-05-24 16:18:50
INFO-[05-24 16:18:50]-update unblocked stock 1 months
DEBUG-[05-24 16:18:50]-search the 2017-5 datas
INFO-[05-24 16:18:50]-downloading_completed
INFO-[05-24 16:19:14]-========股票解禁（万股）-stock unblocked========
INFO-[05-24 16:19:14]-2017-05-24 16:19:14
INFO-[05-24 16:19:14]-update unblocked stock 1 months
DEBUG-[05-24 16:19:14]-search the 2017-5 datas
INFO-[05-24 16:19:15]-downloading_completed
INFO-[05-24 16:19:37]-========股票解禁（万股）-stock unblocked========
INFO-[05-24 16:19:37]-2017-05-24 16:19:37
INFO-[05-24 16:19:37]-update unblocked stock 1 months
DEBUG-[05-24 16:19:37]-search the 2017-5 datas
INFO-[05-24 16:19:37]-downloading_completed
INFO-[05-24 16:19:44]-========股票解禁（万股）-stock unblocked========
INFO-[05-24 16:19:44]-2017-05-24 16:19:44
INFO-[05-24 16:19:44]-update unblocked stock 1 months
DEBUG-[05-24 16:19:44]-search the 2017-5 datas
INFO-[05-24 16:19:44]-downloading_completed
INFO-[05-24 16:20:03]-========股票解禁（万股）-stock unblocked========
INFO-[05-24 16:20:03]-2017-05-24 16:20:03
INFO-[05-24 16:20:03]-update unblocked stock 1 months
DEBUG-[05-24 16:20:03]-search the 2017-5 datas
INFO-[05-24 16:20:03]-downloading_completed
INFO-[05-24 16:20:56]-========股票解禁（万股）-stock unblocked========
INFO-[05-24 16:20:56]-2017-05-24 16:20:56
INFO-[05-24 16:20:56]-update unblocked stock 1 months
DEBUG-[05-24 16:20:56]-search the 2017-5 datas
INFO-[05-24 16:20:56]-downloading_completed
INFO-[05-24 16:21:27]-========股票解禁（万股）-stock unblocked========
INFO-[05-24 16:21:27]-2017-05-24 16:21:27
INFO-[05-24 16:21:27]-update unblocked stock 1 months
DEBUG-[05-24 16:21:27]-search the 2017-5 datas
INFO-[05-24 16:21:27]-downloading_completed
INFO-[05-25 10:30:23]-================计算筹码分布模块================
INFO-[05-25 10:30:23]-600871：from 2017-05-18 to 2017-05-25
INFO-[05-25 10:30:35]-the code 600871,has been done from 2017-05-18

INFO-[05-25 10:30:37]-the code 600871,has been done from 2017-05-19

INFO-[05-25 10:30:37]-the code 600871,has been done from 2017-05-22

INFO-[05-25 10:30:38]-the code 600871,has been done from 2017-05-23

INFO-[05-25 10:30:39]-the code 600871,has been done from 2017-05-24

INFO-[05-25 10:59:16]-================计算筹码分布模块================
INFO-[05-25 10:59:16]-600362：from 2017-05-18 to 2017-05-25
INFO-[05-25 10:59:18]-the code 600362,has been done from 2017-05-18

INFO-[05-25 10:59:19]-the code 600362,has been done from 2017-05-19

INFO-[05-25 10:59:20]-the code 600362,has been done from 2017-05-22

INFO-[05-25 10:59:21]-the code 600362,has been done from 2017-05-23

INFO-[05-25 10:59:26]-the code 600362,has been done from 2017-05-24

INFO-[05-25 13:17:13]-================计算筹码分布模块================
INFO-[05-25 13:17:13]-600362：from 2017-01-01 to 2017-05-25
INFO-[05-25 13:17:40]-================计算筹码分布模块================
INFO-[05-25 13:17:40]-600871：from 2017-01-01 to 2017-05-25
INFO-[05-25 13:18:03]-================计算筹码分布模块================
INFO-[05-25 13:18:03]-600871：from 2017-01-01 to 2017-05-25
INFO-[05-25 13:18:15]-the code 600871,has been done from 2017-01-01

INFO-[05-25 13:18:16]-the code 600871,has been done from 2017-01-04

INFO-[05-25 13:18:18]-the code 600871,has been done from 2017-01-05

INFO-[05-25 13:18:19]-the code 600871,has been done from 2017-01-06

INFO-[05-25 13:18:20]-the code 600871,has been done from 2017-01-09

INFO-[05-25 13:18:20]-the code 600871,has been done from 2017-01-10

INFO-[05-25 13:18:21]-the code 600871,has been done from 2017-01-11

INFO-[05-25 13:18:22]-the code 600871,has been done from 2017-01-12

INFO-[05-25 13:18:23]-the code 600871,has been done from 2017-01-13

INFO-[05-25 13:18:24]-the code 600871,has been done from 2017-01-16

INFO-[05-25 13:18:25]-the code 600871,has been done from 2017-01-17

INFO-[05-25 13:18:26]-the code 600871,has been done from 2017-01-18

INFO-[05-25 13:18:26]-the code 600871,has been done from 2017-01-19

INFO-[05-25 13:18:27]-the code 600871,has been done from 2017-01-20

INFO-[05-25 13:18:28]-the code 600871,has been done from 2017-01-23

INFO-[05-25 13:18:29]-the code 600871,has been done from 2017-01-24

INFO-[05-25 13:18:30]-the code 600871,has been done from 2017-01-25

INFO-[05-25 13:18:31]-the code 600871,has been done from 2017-01-26

INFO-[05-25 13:18:32]-the code 600871,has been done from 2017-02-03

INFO-[05-25 13:18:32]-the code 600871,has been done from 2017-02-06

INFO-[05-25 13:18:33]-the code 600871,has been done from 2017-02-07

INFO-[05-25 13:18:34]-the code 600871,has been done from 2017-02-08

ERROR-[05-25 13:18:47]-
数据：2017-02-09没有计算成功
ERROR-[05-25 13:18:47]-
数据：2017-02-10没有计算成功
ERROR-[05-25 13:18:48]-
数据：2017-02-13没有计算成功
ERROR-[05-25 13:18:48]-
数据：2017-02-14没有计算成功
ERROR-[05-25 13:18:49]-
数据：2017-02-15没有计算成功
ERROR-[05-25 13:18:49]-
数据：2017-02-16没有计算成功
ERROR-[05-25 13:18:49]-
数据：2017-02-17没有计算成功
ERROR-[05-25 13:18:50]-
数据：2017-02-20没有计算成功
ERROR-[05-25 13:18:50]-
数据：2017-02-21没有计算成功
ERROR-[05-25 13:18:51]-
数据：2017-02-22没有计算成功
ERROR-[05-25 13:18:51]-
数据：2017-02-23没有计算成功
ERROR-[05-25 13:18:51]-
数据：2017-02-24没有计算成功
ERROR-[05-25 13:18:52]-
数据：2017-02-27没有计算成功
ERROR-[05-25 13:18:52]-
数据：2017-02-28没有计算成功
ERROR-[05-25 13:18:52]-
数据：2017-03-01没有计算成功
ERROR-[05-25 13:18:53]-
数据：2017-03-02没有计算成功
ERROR-[05-25 13:18:53]-
数据：2017-03-03没有计算成功
INFO-[05-25 13:19:06]-================计算筹码分布模块================
INFO-[05-25 13:19:06]-600871：from 2017-01-01 to 2017-05-25
INFO-[05-25 13:19:40]-================计算筹码分布模块================
INFO-[05-25 13:19:40]-600871：from 2017-01-03 to 2017-05-25
INFO-[05-25 13:19:49]-================计算筹码分布模块================
INFO-[05-25 13:19:49]-600871：from 2017-01-04 to 2017-05-25
INFO-[05-25 13:20:01]-================计算筹码分布模块================
INFO-[05-25 13:20:01]-600871：from 2017-01-10 to 2017-05-25
INFO-[05-25 13:20:16]-================计算筹码分布模块================
INFO-[05-25 13:20:16]-600871：from 2016-05-03 to 2017-05-25
INFO-[05-25 13:20:48]-================计算筹码分布模块================
INFO-[05-25 13:20:48]-600871：from 2016-05-03 to 2017-05-25
INFO-[05-25 13:21:11]-================计算筹码分布模块================
INFO-[05-25 13:21:11]-600871：from 2016-05-03 to 2017-05-25
INFO-[05-25 13:22:05]-================计算筹码分布模块================
INFO-[05-25 13:22:05]-600871：from 2017-05-01 to 2017-05-18
INFO-[05-25 13:52:55]-================计算筹码分布模块================
INFO-[05-25 13:52:55]-600871：from 2017-05-01 to 2017-05-18
INFO-[05-25 13:52:57]-the code 600871,has been done from 2017-05-01

INFO-[05-25 13:52:58]-the code 600871,has been done from 2017-05-03

INFO-[05-25 13:52:59]-the code 600871,has been done from 2017-05-04

INFO-[05-25 13:53:00]-the code 600871,has been done from 2017-05-05

INFO-[05-25 13:53:00]-the code 600871,has been done from 2017-05-08

INFO-[05-25 13:53:01]-the code 600871,has been done from 2017-05-09

INFO-[05-25 13:53:02]-the code 600871,has been done from 2017-05-10

INFO-[05-25 13:53:03]-the code 600871,has been done from 2017-05-11

INFO-[05-25 13:53:04]-the code 600871,has been done from 2017-05-12

INFO-[05-25 13:53:05]-the code 600871,has been done from 2017-05-15

INFO-[05-25 13:53:06]-the code 600871,has been done from 2017-05-16

INFO-[05-25 13:53:07]-the code 600871,has been done from 2017-05-17

INFO-[05-25 13:53:08]-the code 600871,has been done from 2017-05-18

INFO-[05-25 13:53:35]-================计算筹码分布模块================
INFO-[05-25 13:53:35]-600871：from 2017-01-01 to 2017-05-18
INFO-[05-25 13:53:36]-the code 600871,has been done from 2017-01-01

INFO-[05-25 13:53:39]-the code 600871,has been done from 2017-01-04

INFO-[05-25 13:53:45]-================计算筹码分布模块================
INFO-[05-25 13:53:45]-600871：from 2017-01-01 to 2017-05-24
INFO-[05-25 13:53:46]-the code 600871,has been done from 2017-01-01

INFO-[05-25 13:53:48]-the code 600871,has been done from 2017-01-04

INFO-[05-25 13:53:49]-the code 600871,has been done from 2017-01-05

INFO-[05-25 13:53:50]-the code 600871,has been done from 2017-01-06

INFO-[05-25 13:53:51]-the code 600871,has been done from 2017-01-09

INFO-[05-25 13:53:51]-the code 600871,has been done from 2017-01-10

INFO-[05-25 13:53:52]-the code 600871,has been done from 2017-01-11

INFO-[05-25 13:53:54]-the code 600871,has been done from 2017-01-12

INFO-[05-25 13:53:55]-the code 600871,has been done from 2017-01-13

INFO-[05-25 13:53:56]-the code 600871,has been done from 2017-01-16

INFO-[05-25 13:53:57]-the code 600871,has been done from 2017-01-17

INFO-[05-25 13:53:58]-the code 600871,has been done from 2017-01-18

INFO-[05-25 13:53:59]-the code 600871,has been done from 2017-01-19

INFO-[05-25 13:53:59]-the code 600871,has been done from 2017-01-20

INFO-[05-25 13:54:01]-the code 600871,has been done from 2017-01-23

INFO-[05-25 13:54:02]-the code 600871,has been done from 2017-01-24

INFO-[05-25 13:54:03]-the code 600871,has been done from 2017-01-25

INFO-[05-25 13:54:04]-the code 600871,has been done from 2017-01-26

INFO-[05-25 13:54:05]-the code 600871,has been done from 2017-02-03

INFO-[05-25 13:54:07]-the code 600871,has been done from 2017-02-06

INFO-[05-25 13:54:08]-the code 600871,has been done from 2017-02-07

INFO-[05-25 13:54:08]-the code 600871,has been done from 2017-02-08

INFO-[05-25 13:54:09]-the code 600871,has been done from 2017-02-09

INFO-[05-25 13:54:09]-the code 600871,has been done from 2017-02-10

INFO-[05-25 13:54:10]-the code 600871,has been done from 2017-02-13

INFO-[05-25 13:54:11]-the code 600871,has been done from 2017-02-14

INFO-[05-25 13:54:12]-the code 600871,has been done from 2017-02-15

INFO-[05-25 13:54:13]-the code 600871,has been done from 2017-02-16

INFO-[05-25 13:54:14]-the code 600871,has been done from 2017-02-17

INFO-[05-25 13:54:15]-the code 600871,has been done from 2017-02-20

INFO-[05-25 13:54:16]-the code 600871,has been done from 2017-02-21

ERROR-[05-25 13:54:26]-
数据：2017-02-22没有计算成功
ERROR-[05-25 13:54:27]-
数据：2017-02-23没有计算成功
ERROR-[05-25 13:54:27]-
数据：2017-02-24没有计算成功
ERROR-[05-25 13:54:27]-
数据：2017-02-27没有计算成功
ERROR-[05-25 13:54:28]-
数据：2017-02-28没有计算成功
ERROR-[05-25 13:54:28]-
数据：2017-03-01没有计算成功
ERROR-[05-25 13:54:28]-
数据：2017-03-02没有计算成功
ERROR-[05-25 13:54:28]-
数据：2017-03-03没有计算成功
ERROR-[05-25 13:54:29]-
数据：2017-03-06没有计算成功
ERROR-[05-25 13:54:29]-
数据：2017-03-07没有计算成功
ERROR-[05-25 13:54:29]-
数据：2017-03-08没有计算成功
ERROR-[05-25 13:54:30]-
数据：2017-03-09没有计算成功
ERROR-[05-25 13:54:30]-
数据：2017-03-10没有计算成功
ERROR-[05-25 13:54:30]-
数据：2017-03-13没有计算成功
ERROR-[05-25 13:54:31]-
数据：2017-03-14没有计算成功
ERROR-[05-25 13:54:31]-
数据：2017-03-15没有计算成功
ERROR-[05-25 13:54:32]-
数据：2017-03-16没有计算成功
ERROR-[05-25 13:54:32]-
数据：2017-03-17没有计算成功
ERROR-[05-25 13:54:33]-
数据：2017-03-20没有计算成功
ERROR-[05-25 13:54:34]-
数据：2017-03-21没有计算成功
ERROR-[05-25 13:54:34]-
数据：2017-03-22没有计算成功
ERROR-[05-25 13:54:35]-
数据：2017-03-23没有计算成功
ERROR-[05-25 13:54:35]-
数据：2017-03-24没有计算成功
ERROR-[05-25 13:54:36]-
数据：2017-03-27没有计算成功
ERROR-[05-25 13:54:37]-
数据：2017-03-28没有计算成功
ERROR-[05-25 13:54:37]-
数据：2017-03-29没有计算成功
ERROR-[05-25 13:54:37]-
数据：2017-03-30没有计算成功
ERROR-[05-25 13:54:37]-
数据：2017-03-31没有计算成功
ERROR-[05-25 13:54:38]-
数据：2017-04-05没有计算成功
ERROR-[05-25 13:54:38]-
数据：2017-04-06没有计算成功
ERROR-[05-25 13:54:38]-
数据：2017-04-07没有计算成功
ERROR-[05-25 13:54:39]-
数据：2017-04-10没有计算成功
ERROR-[05-25 13:54:39]-
数据：2017-04-11没有计算成功
ERROR-[05-25 13:54:39]-
数据：2017-04-12没有计算成功
ERROR-[05-25 13:54:40]-
数据：2017-04-13没有计算成功
ERROR-[05-25 13:54:40]-
数据：2017-04-14没有计算成功
ERROR-[05-25 13:54:41]-
数据：2017-04-17没有计算成功
ERROR-[05-25 13:54:41]-
数据：2017-04-18没有计算成功
ERROR-[05-25 13:54:42]-
数据：2017-04-19没有计算成功
ERROR-[05-25 13:54:42]-
数据：2017-04-20没有计算成功
ERROR-[05-25 13:54:43]-
数据：2017-04-21没有计算成功
ERROR-[05-25 13:54:44]-
数据：2017-04-24没有计算成功
ERROR-[05-25 13:54:44]-
数据：2017-04-25没有计算成功
ERROR-[05-25 13:54:45]-
数据：2017-04-26没有计算成功
ERROR-[05-25 13:54:45]-
数据：2017-04-27没有计算成功
ERROR-[05-25 13:54:46]-
数据：2017-04-28没有计算成功
ERROR-[05-25 13:54:47]-
数据：2017-05-02没有计算成功
ERROR-[05-25 13:54:47]-
数据：2017-05-03没有计算成功
ERROR-[05-25 13:54:47]-
数据：2017-05-04没有计算成功
ERROR-[05-25 13:54:48]-
数据：2017-05-05没有计算成功
ERROR-[05-25 13:54:48]-
数据：2017-05-08没有计算成功
ERROR-[05-25 13:54:48]-
数据：2017-05-09没有计算成功
ERROR-[05-25 13:54:48]-
数据：2017-05-10没有计算成功
ERROR-[05-25 13:54:49]-
数据：2017-05-11没有计算成功
ERROR-[05-25 13:54:49]-
数据：2017-05-12没有计算成功
ERROR-[05-25 13:54:49]-
数据：2017-05-15没有计算成功
ERROR-[05-25 13:54:50]-
数据：2017-05-16没有计算成功
ERROR-[05-25 13:54:50]-
数据：2017-05-17没有计算成功
ERROR-[05-25 13:54:50]-
数据：2017-05-18没有计算成功
ERROR-[05-25 13:54:51]-
数据：2017-05-19没有计算成功
INFO-[05-25 13:54:57]-================计算筹码分布模块================
INFO-[05-25 13:54:57]-600871：from 2017-01-01 to 2017-05-24
INFO-[05-25 13:55:17]-================计算筹码分布模块================
INFO-[05-25 13:55:17]-600871：from 2017-05-01 to 2017-05-23
