[11-09 15:40:27]-DEBUG-DEBUG
[11-09 15:40:27]-INFO-INFO
[11-09 15:40:27]-WARNING-warning
[11-09 15:40:27]-ERROR-error
[11-09 15:40:27]-CRITICAL-critical
[11-09 16:37:07]-debug-DEBUG-一个debug信息
[11-09 16:37:07]-info-INFO-一个info信息
[11-09 16:37:07]-war-WARNING-一个warning信息
[11-09 16:37:07]-error-ERROR-一个error信息
[11-09 16:37:07]-cri-CRITICAL-一个致命critical信息
[11-09 16:37:52]-debug-DEBUG-一个debug信息
[11-09 16:37:52]-info-INFO-一个info信息
[11-09 16:37:52]-war-WARNING-一个warning信息
[11-09 16:37:52]-error-ERROR-一个error信息
[11-09 16:37:52]-cri-CRITICAL-一个致命critical信息
[11-09 16:38:17]-debug-DEBUG-一个debug信息
[11-09 16:38:17]-info-INFO-一个info信息
[11-09 16:38:17]-war-WARNING-一个warning信息
[11-09 16:38:17]-error-ERROR-一个error信息
[11-09 16:38:17]-cri-CRITICAL-一个致命critical信息
[11-09 16:38:17]-wrapped_function-INFO-Function : <asd>
[11-09 16:39:51]-debug-DEBUG-一个debug信息
[11-09 16:39:51]-info-INFO-一个info信息
[11-09 16:39:51]-war-WARNING-一个warning信息
[11-09 16:39:51]-error-ERROR-一个error信息
[11-09 16:39:51]-cri-CRITICAL-一个致命critical信息
[11-09 16:39:51]-wrapped_function-INFO-Function : <asd>
[11-09 16:39:51]-wrapped_function-INFO-Function : <bd>
[11-09 16:39:51]-wrapped_function-ERROR-sThere was an exception in  bd
[11-09 16:42:58]-27-funcName:debug-(time:1821)-DEBUG-一个debug信息
[11-09 16:42:58]-54-funcName:info-(time:1821)-INFO-一个info信息
[11-09 16:42:58]-57-funcName:war-(time:1821)-WARNING-一个warning信息
[11-09 16:42:58]-60-funcName:error-(time:1821)-ERROR-一个error信息
[11-09 16:42:58]-62-funcName:cri-(time:1822)-CRITICAL-一个致命critical信息
[11-09 16:42:58]-35-funcName:wrapped_function-(time:1822)-INFO-Function : <asd>
[11-09 16:42:58]-35-funcName:wrapped_function-(time:1822)-INFO-Function : <bd>
[11-09 16:42:58]-46-funcName:wrapped_function-(time:1822)-ERROR-There was an exception in bd
[11-09 16:43:26]-27-funcName:debug-(time:1840)-DEBUG-一个debug信息
[11-09 16:43:26]-54-funcName:info-(time:1840)-INFO-一个info信息
[11-09 16:43:26]-57-funcName:war-(time:1840)-WARNING-一个warning信息
[11-09 16:43:26]-60-funcName:error-(time:1840)-ERROR-一个error信息
[11-09 16:43:26]-62-funcName:cri-(time:1840)-CRITICAL-一个致命critical信息
[11-09 16:43:26]-35-funcName:wrapped_function-(time:1840)-INFO-Function : <asd>
[11-09 16:45:00]-[line:27]-funcName:debug-(time:1889)-DEBUG|||一个debug信息
[11-09 16:45:00]-[line:54]-funcName:info-(time:1889)-INFO|||一个info信息
[11-09 16:45:00]-[line:57]-funcName:war-(time:1889)-WARNING|||一个warning信息
[11-09 16:45:00]-[line:60]-funcName:error-(time:1889)-ERROR|||一个error信息
[11-09 16:45:00]-[line:62]-funcName:cri-(time:1889)-CRITICAL|||一个致命critical信息
[11-09 16:45:00]-[line:35]-funcName:wrapped_function-(time:1889)-INFO|||Function : <asd>
[11-09 16:45:42]-[line:27]-funcName:debug-(time:1883)-DEBUG|||一个debug信息
[11-09 16:45:42]-[line:54]-funcName:info-(time:1884)-INFO|||一个info信息
[11-09 16:45:42]-[line:57]-funcName:war-(time:1884)-WARNING|||一个warning信息
[11-09 16:45:42]-[line:60]-funcName:error-(time:1884)-ERROR|||一个error信息
[11-09 16:45:42]-[line:62]-funcName:cri-(time:1884)-CRITICAL|||一个致命critical信息
[11-09 16:45:42]-[line:35]-funcName:wrapped_function-(time:1884)-INFO|||Function : <asd>
[11-09 16:45:42]-[line:60]-funcName:error-(time:1884)-ERROR|||TEST ERROR
[11-09 16:46:55]-[line:27]-(time:1965)-DEBUG: 一个debug信息
[11-09 16:46:55]-[line:54]-(time:1965)-INFO: 一个info信息
[11-09 16:46:55]-[line:57]-(time:1965)-WARNING: 一个warning信息
[11-09 16:46:55]-[line:60]-(time:1965)-ERROR: 一个error信息
[11-09 16:46:55]-[line:62]-(time:1965)-CRITICAL: 一个致命critical信息
[11-09 16:46:55]-[line:35]-(time:1966)-INFO: Function : <asd>
[11-09 16:46:55]-[line:60]-(time:1966)-ERROR: TEST ERROR
[11-09 16:50:43]-[line:27]-debug-(time:1866)-DEBUG: 一个debug信息
[11-09 16:50:43]-[line:54]-info-(time:1867)-INFO: 一个info信息
[11-09 16:50:43]-[line:57]-war-(time:1867)-WARNING: 一个warning信息
[11-09 16:51:16]-[line:27]-debug-(time:1877)-DEBUG: 一个debug信息
[11-09 16:51:16]-[line:54]-info-(time:1878)-INFO: 一个info信息
[11-09 16:51:16]-[line:57]-war-(time:1878)-WARNING: 一个warning信息
[11-09 16:51:16]-[line:60]-error-(time:1878)-ERROR: 一个error信息
[11-09 16:51:16]-[line:62]-cri-(time:1878)-CRITICAL: 一个致命critical信息
[11-09 16:51:16]-[line:35]-wrapped_function-(time:1878)-INFO: RUNNING <asd>
[11-09 16:51:16]-[line:119]-asd-(time:1878)-ERROR: TEST ERROR
[11-09 16:52:24]-[line:27]-FuncName:debug-(time:1862)-DEBUG: 一个debug信息
[11-09 16:52:24]-[line:54]-FuncName:info-(time:1862)-INFO: 一个info信息
[11-09 16:52:24]-[line:57]-FuncName:war-(time:1862)-WARNING: 一个warning信息
[11-09 16:52:24]-[line:60]-FuncName:error-(time:1863)-ERROR: 一个error信息
[11-09 16:52:24]-[line:62]-FuncName:cri-(time:1863)-CRITICAL: 一个致命critical信息
[11-09 16:52:24]-[line:35]-FuncName:wrapped_function-(time:1863)-INFO: RUNNING <asd>
[11-09 16:52:24]-[line:119]-FuncName:asd-(time:1863)-ERROR: TEST ERROR
